#
# There is insufficient memory for the Java Runtime Environment to continue.
# Native memory allocation (mmap) failed to map 125829120 bytes for G1 virtual space
# Possible reasons:
#   The system is out of physical RAM or swap space
#   The process is running with CompressedOops enabled, and the Java Heap may be blocking the growth of the native heap
# Possible solutions:
#   Reduce memory load on the system
#   Increase physical memory or swap space
#   Check if swap backing store is full
#   Decrease Java heap size (-Xmx/-Xms)
#   Decrease number of Java threads
#   Decrease Java thread stack sizes (-Xss)
#   Set larger code cache with -XX:ReservedCodeCacheSize=
#   JVM is running with Unscaled Compressed Oops mode in which the Java heap is
#     placed in the first 4GB address space. The Java Heap base address is the
#     maximum limit for the native heap growth. Please use -XX:HeapBaseMinAddress
#     to set the Java Heap base and to place the Java Heap above 4GB virtual address.
# This output file may be truncated or incomplete.
#
#  Out of Memory Error (os_windows.cpp:3769), pid=25688, tid=19176
#
# JRE version:  (17.0.6) (build )
# Java VM: OpenJDK 64-Bit Server VM (17.0.6+0-b2043.56-9586694, mixed mode, sharing, tiered, compressed oops, compressed class ptrs, g1 gc, windows-amd64)
# No core dump will be written. Minidumps are not enabled by default on client versions of Windows
#

---------------  S U M M A R Y ------------

Command Line: org.jetbrains.kotlin.cli.jvm.K2JVMCompiler @G:\android_software\Anonymous-community-app\app\build\20230604_10499969865243659933.compiler.options

Host: AMD Ryzen 7 4800H with Radeon Graphics         , 16 cores, 7G,  Windows 10 , 64 bit Build 19041 (10.0.19041.2913)
Time: Sun Jun  4 09:01:20 2023  Windows 10 , 64 bit Build 19041 (10.0.19041.2913) elapsed time: 0.014766 seconds (0d 0h 0m 0s)

---------------  T H R E A D  ---------------

Current thread (0x000001ac19ced1d0):  JavaThread "Unknown thread" [_thread_in_vm, id=19176, stack(0x000000110ab00000,0x000000110ac00000)]

Stack: [0x000000110ab00000,0x000000110ac00000]
Native frames: (J=compiled Java code, j=interpreted, Vv=VM code, C=native code)
V  [jvm.dll+0x683b4a]
V  [jvm.dll+0x842654]
V  [jvm.dll+0x843dfe]
V  [jvm.dll+0x844463]
V  [jvm.dll+0x249b75]
V  [jvm.dll+0x680a19]
V  [jvm.dll+0x674f0a]
V  [jvm.dll+0x309acb]
V  [jvm.dll+0x310f86]
V  [jvm.dll+0x3608ee]
V  [jvm.dll+0x360b1f]
V  [jvm.dll+0x2dfbf8]
V  [jvm.dll+0x2e0b64]
V  [jvm.dll+0x813f41]
V  [jvm.dll+0x36e6a1]
V  [jvm.dll+0x7f347c]
V  [jvm.dll+0x3f0e8f]
V  [jvm.dll+0x3f29d1]
C  [jli.dll+0x526b]
C  [ucrtbase.dll+0x21bb2]
C  [KERNEL32.DLL+0x17614]
C  [ntdll.dll+0x526a1]


---------------  P R O C E S S  ---------------

Threads class SMR info:
_java_thread_list=0x00007ffb1e19c058, length=0, elements={
}

Java Threads: ( => current thread )

Other Threads:
  0x000001ac19d44b90 GCTaskThread "GC Thread#0" [stack: 0x000000110ac00000,0x000000110ad00000] [id=31184]
  0x000001ac19d54e60 ConcurrentGCThread "G1 Main Marker" [stack: 0x000000110ad00000,0x000000110ae00000] [id=30996]
  0x000001ac19d55870 ConcurrentGCThread "G1 Conc#0" [stack: 0x000000110ae00000,0x000000110af00000] [id=16084]

[error occurred during error reporting (printing all threads), id 0xc0000005, EXCEPTION_ACCESS_VIOLATION (0xc0000005) at pc=0x00007ffb1d950797]

VM state: not at safepoint (not fully initialized)

VM Mutex/Monitor currently owned by a thread:  ([mutex/lock_event])
[0x000001ac19ce9410] Heap_lock - owner thread: 0x000001ac19ced1d0

Heap address: 0x0000000089400000, size: 1900 MB, Compressed Oops mode: 32-bit

CDS archive(s) mapped at: [0x0000000000000000-0x0000000000000000-0x0000000000000000), size 0, SharedBaseAddress: 0x0000000800000000, ArchiveRelocationMode: 0.
Narrow klass base: 0x0000000000000000, Narrow klass shift: 0, Narrow klass range: 0x0

GC Precious Log:
<Empty>

Heap:
 garbage-first heap   total 0K, used 0K [0x0000000089400000, 0x0000000100000000)
  region size 1024K, 0 young (0K), 0 survivors (0K)

[error occurred during error reporting (printing heap information), id 0xc0000005, EXCEPTION_ACCESS_VIOLATION (0xc0000005) at pc=0x00007ffb1dd3d939]

GC Heap History (0 events):
No events

Dll operation events (1 events):
Event: 0.009 Loaded shared library G:\Program Files (x86)\Android Studio\jbr\bin\java.dll

Deoptimization events (0 events):
No events

Classes unloaded (0 events):
No events

Classes redefined (0 events):
No events

Internal exceptions (0 events):
No events

VM Operations (0 events):
No events

Events (0 events):
No events


Dynamic libraries:
0x00007ff7f4260000 - 0x00007ff7f426a000 	G:\Program Files (x86)\Android Studio\jbr\bin\java.exe
0x00007ffb8fc90000 - 0x00007ffb8fe88000 	C:\WINDOWS\SYSTEM32\ntdll.dll
0x00007ffb8e400000 - 0x00007ffb8e4bf000 	C:\WINDOWS\System32\KERNEL32.DLL
0x00007ffb8d570000 - 0x00007ffb8d866000 	C:\WINDOWS\System32\KERNELBASE.dll
0x00007ffb8d910000 - 0x00007ffb8da10000 	C:\WINDOWS\System32\ucrtbase.dll
0x00007ffb3c930000 - 0x00007ffb3c947000 	G:\Program Files (x86)\Android Studio\jbr\bin\jli.dll
0x00007ffb3ca30000 - 0x00007ffb3ca4b000 	G:\Program Files (x86)\Android Studio\jbr\bin\VCRUNTIME140.dll
0x00007ffb8e1c0000 - 0x00007ffb8e35d000 	C:\WINDOWS\System32\USER32.dll
0x00007ffb8da10000 - 0x00007ffb8da32000 	C:\WINDOWS\System32\win32u.dll
0x00007ffb79e10000 - 0x00007ffb7a0aa000 	C:\WINDOWS\WinSxS\amd64_microsoft.windows.common-controls_6595b64144ccf1df_6.0.19041.1110_none_60b5254171f9507e\COMCTL32.dll
0x00007ffb8f140000 - 0x00007ffb8f16c000 	C:\WINDOWS\System32\GDI32.dll
0x00007ffb8e360000 - 0x00007ffb8e3fe000 	C:\WINDOWS\System32\msvcrt.dll
0x00007ffb8d3c0000 - 0x00007ffb8d4d5000 	C:\WINDOWS\System32\gdi32full.dll
0x00007ffb8d870000 - 0x00007ffb8d90d000 	C:\WINDOWS\System32\msvcp_win.dll
0x00007ffb8e6f0000 - 0x00007ffb8e720000 	C:\WINDOWS\System32\IMM32.DLL
0x00007ffb826b0000 - 0x00007ffb826bc000 	G:\Program Files (x86)\Android Studio\jbr\bin\vcruntime140_1.dll
0x00007ffb2bd70000 - 0x00007ffb2bdfd000 	G:\Program Files (x86)\Android Studio\jbr\bin\msvcp140.dll
0x00007ffb1d660000 - 0x00007ffb1e2cd000 	G:\Program Files (x86)\Android Studio\jbr\bin\server\jvm.dll
0x00007ffb8f300000 - 0x00007ffb8f3af000 	C:\WINDOWS\System32\ADVAPI32.dll
0x00007ffb8f460000 - 0x00007ffb8f4fc000 	C:\WINDOWS\System32\sechost.dll
0x00007ffb8f560000 - 0x00007ffb8f686000 	C:\WINDOWS\System32\RPCRT4.dll
0x00007ffb83280000 - 0x00007ffb832a7000 	C:\WINDOWS\SYSTEM32\WINMM.dll
0x00007ffb56dd0000 - 0x00007ffb56dd9000 	C:\WINDOWS\SYSTEM32\WSOCK32.dll
0x00007ffb8e680000 - 0x00007ffb8e6eb000 	C:\WINDOWS\System32\WS2_32.dll
0x00007ffb85370000 - 0x00007ffb8537a000 	C:\WINDOWS\SYSTEM32\VERSION.dll
0x00007ffb8b230000 - 0x00007ffb8b242000 	C:\WINDOWS\SYSTEM32\kernel.appcore.dll
0x00007ffb89200000 - 0x00007ffb8920a000 	G:\Program Files (x86)\Android Studio\jbr\bin\jimage.dll
0x00007ffb7cf40000 - 0x00007ffb7d124000 	C:\WINDOWS\SYSTEM32\DBGHELP.DLL
0x00007ffb77060000 - 0x00007ffb77094000 	C:\WINDOWS\SYSTEM32\dbgcore.DLL
0x00007ffb8d4e0000 - 0x00007ffb8d562000 	C:\WINDOWS\System32\bcryptPrimitives.dll
0x00007ffb61b60000 - 0x00007ffb61b85000 	G:\Program Files (x86)\Android Studio\jbr\bin\java.dll

dbghelp: loaded successfully - version: 4.0.5 - missing functions: none
symbol engine: initialized successfully - sym options: 0x614 - pdb path: .;G:\Program Files (x86)\Android Studio\jbr\bin;C:\WINDOWS\SYSTEM32;C:\WINDOWS\WinSxS\amd64_microsoft.windows.common-controls_6595b64144ccf1df_6.0.19041.1110_none_60b5254171f9507e;G:\Program Files (x86)\Android Studio\jbr\bin\server

VM Arguments:
java_command: org.jetbrains.kotlin.cli.jvm.K2JVMCompiler @G:\android_software\Anonymous-community-app\app\build\20230604_10499969865243659933.compiler.options
java_class_path (initial): C:\Users\asus\.gradle\caches\modules-2\files-2.1\org.jetbrains.kotlin\kotlin-compiler-embeddable\1.8.20\78d9baa57f65babf9e0a93e51f62f26f5f35ac3e\kotlin-compiler-embeddable-1.8.20.jar;C:\Users\asus\.gradle\caches\modules-2\files-2.1\org.jetbrains.kotlin\kotlin-stdlib\1.8.20\e72fc5e03ec6c064c678a6bd0d955c88d55b0c4a\kotlin-stdlib-1.8.20.jar;C:\Users\asus\.gradle\caches\modules-2\files-2.1\org.jetbrains.kotlin\kotlin-script-runtime\1.8.20\c850771e723701f9d63dbcf641429c0f29290074\kotlin-script-runtime-1.8.20.jar;C:\Users\asus\.gradle\caches\modules-2\files-2.1\org.jetbrains.kotlin\kotlin-reflect\1.6.10\1cbe9c92c12a94eea200d23c2bbaedaf3daf5132\kotlin-reflect-1.6.10.jar;C:\Users\asus\.gradle\caches\modules-2\files-2.1\org.jetbrains.kotlin\kotlin-daemon-embeddable\1.8.20\c1b808fbe5fee60bd0504a54778120ef40f383d4\kotlin-daemon-embeddable-1.8.20.jar;C:\Users\asus\.gradle\caches\modules-2\files-2.1\org.jetbrains.intellij.deps\trove4j\1.0.20200330\3afb14d5f9ceb459d724e907a21145e8ff394f02\trove4j-1.0.20200330.jar;C:\Users\asus\.gradle\caches\modules-2\files-2.1\net.java.dev.jna\jna\5.6.0\330f2244e9030119ab3030fc3fededc86713d9cc\jna-5.6.0.jar;C:\Users\asus\.gradle\caches\modules-2\files-2.1\org.jetbrains.kotlin\kotlin-stdlib-common\1.8.20\5eddaaf234c8c49d03eebeb6a14feb7f90faca71\kotlin-stdlib-common-1.8.20.jar;C:\Users\asus\.gradle\caches\modules-2\files-2.1\org.jetbrains\annotations\13.0\919f0dfe192fb4e063e7dacadee7f8bb9a2672a9\annotations-13.0.jar
Launcher Type: SUN_STANDARD

[Global flags]
     intx CICompilerCount                          = 12                                        {product} {ergonomic}
     uint ConcGCThreads                            = 3                                         {product} {ergonomic}
     uint G1ConcRefinementThreads                  = 13                                        {product} {ergonomic}
   size_t G1HeapRegionSize                         = 1048576                                   {product} {ergonomic}
    uintx GCDrainStackTargetSize                   = 64                                        {product} {ergonomic}
   size_t InitialHeapSize                          = 125829120                                 {product} {ergonomic}
   size_t MarkStackSize                            = 4194304                                   {product} {ergonomic}
   size_t MaxHeapSize                              = 1992294400                                {product} {ergonomic}
   size_t MinHeapDeltaBytes                        = 1048576                                   {product} {ergonomic}
   size_t MinHeapSize                              = 8388608                                   {product} {ergonomic}
    uintx NonNMethodCodeHeapSize                   = 7602480                                {pd product} {ergonomic}
    uintx NonProfiledCodeHeapSize                  = 122027880                              {pd product} {ergonomic}
    uintx ProfiledCodeHeapSize                     = 122027880                              {pd product} {ergonomic}
    uintx ReservedCodeCacheSize                    = 251658240                              {pd product} {ergonomic}
     bool SegmentedCodeCache                       = true                                      {product} {ergonomic}
   size_t SoftMaxHeapSize                          = 1992294400                             {manageable} {ergonomic}
     bool UseCompressedClassPointers               = true                           {product lp64_product} {ergonomic}
     bool UseCompressedOops                        = true                           {product lp64_product} {ergonomic}
     bool UseG1GC                                  = true                                      {product} {ergonomic}
     bool UseLargePagesIndividualAllocation        = false                                  {pd product} {ergonomic}

Logging:
Log output configuration:
 #0: stdout all=warning uptime,level,tags
 #1: stderr all=off uptime,level,tags

Environment Variables:
JAVA_HOME=G:\Program Files (x86)\Java\jre7\jdk1.7.0_80
CLASSPATH=G:\java\bin;G:\java\jre\bin;C:\Javalib\antlr-4.9.2-complete.jar
PATH=C:\Program Files\Common Files\Oracle\Java\javapath;D:\cudav12\bin;D:\cudav12\libnvvp;C:\ProgramData\Anaconda3;C:\ProgramData\Anaconda3\Library\mingw-w64\bin;C:\ProgramData\Anaconda3\Library\usr\bin;C:\ProgramData\Anaconda3\Library\bin;C:\ProgramData\Anaconda3\Scripts;C:\Windows\system32;C:\Windows;C:\Windows\System32\Wbem;C:\Windows\System32\WindowsPowerShell\v1.0\;C:\Windows\System32\OpenSSH\;C:\Program Files (x86)\NVIDIA Corporation\PhysX\Common;C:\Program Files\NVIDIA Corporation\NVIDIA NvDLISR;C:\WINDOWS\system32;C:\WINDOWS;C:\WINDOWS\System32\Wbem;C:\WINDOWS\System32\WindowsPowerShell\v1.0\;C:\WINDOWS\System32\OpenSSH\;D:\Program Files\CMake\bin;C:\Program Files\Microsoft SQL Server\Client SDK\ODBC\170\Tools\Binn\;C:\Program Files (x86)\Microsoft SQL Server\150\Tools\Binn\;C:\Program Files\Microsoft SQL Server\150\Tools\Binn\;C:\Program Files\Microsoft SQL Server\150\DTS\Binn\;D:\cudav12\bin;D:\cudav12\include;D:\cudav12\lib;D:\cudav12\libnvvp;"G:\java\bin;G:\java\jre\bin";C:\Javalib;C:\Program Files (x86)\NetSarang\Xshell 7\;C:\TDM-GCC-64\bin;C:\Users\asus\AppData\Local\Microsoft\WindowsApps;C:\Program Files\MYSQL\MYSQL Server 8.0\bin;G:\Program Files (x86)\MiKTeX\miktex\bin\x64\;C:\Users\asus\AppData\Local\Programs\Microsoft VS Code\bin
USERNAME=asus
OS=Windows_NT
PROCESSOR_IDENTIFIER=AMD64 Family 23 Model 96 Stepping 1, AuthenticAMD
TMP=C:\Users\asus\AppData\Local\Temp
TEMP=C:\Users\asus\AppData\Local\Temp



---------------  S Y S T E M  ---------------

OS:
 Windows 10 , 64 bit Build 19041 (10.0.19041.2913)
OS uptime: 1 days 14:56 hours

CPU: total 16 (initial active 16) (16 cores per cpu, 2 threads per core) family 23 model 96 stepping 1 microcode 0x0, cx8, cmov, fxsr, ht, mmx, 3dnowpref, sse, sse2, sse3, ssse3, sse4a, sse4.1, sse4.2, popcnt, lzcnt, tsc, tscinvbit, avx, avx2, aes, clmul, bmi1, bmi2, adx, sha, fma, vzeroupper, clflush, clflushopt

Memory: 4k page, system-wide physical 7597M (390M free)
TotalPageFile size 20397M (AvailPageFile size 54M)
current process WorkingSet (physical memory assigned to process): 10M, peak: 10M
current process commit charge ("private bytes"): 70M, peak: 190M

vm_info: OpenJDK 64-Bit Server VM (17.0.6+0-b2043.56-9586694) for windows-amd64 JRE (17.0.6+0-b2043.56-9586694), built on Feb  9 2023 20:06:20 by "androidbuild" with MS VC++ 16.10 / 16.11 (VS2019)

END.
