#
# There is insufficient memory for the Java Runtime Environment to continue.
# Native memory allocation (malloc) failed to allocate 599504 bytes for Chunk::new
# Possible reasons:
#   The system is out of physical RAM or swap space
#   The process is running with CompressedOops enabled, and the Java Heap may be blocking the growth of the native heap
# Possible solutions:
#   Reduce memory load on the system
#   Increase physical memory or swap space
#   Check if swap backing store is full
#   Decrease Java heap size (-Xmx/-Xms)
#   Decrease number of Java threads
#   Decrease Java thread stack sizes (-Xss)
#   Set larger code cache with -XX:ReservedCodeCacheSize=
#   JVM is running with Unscaled Compressed Oops mode in which the Java heap is
#     placed in the first 4GB address space. The Java Heap base address is the
#     maximum limit for the native heap growth. Please use -XX:HeapBaseMinAddress
#     to set the Java Heap base and to place the Java Heap above 4GB virtual address.
# This output file may be truncated or incomplete.
#
#  Out of Memory Error (arena.cpp:189), pid=27972, tid=9164
#
# JRE version: OpenJDK Runtime Environment (17.0.6) (build 17.0.6+0-b2043.56-9586694)
# Java VM: OpenJDK 64-Bit Server VM (17.0.6+0-b2043.56-9586694, mixed mode, tiered, compressed oops, compressed class ptrs, g1 gc, windows-amd64)
# No core dump will be written. Minidumps are not enabled by default on client versions of Windows
#

---------------  S U M M A R Y ------------

Command Line: --add-opens=java.base/java.util=ALL-UNNAMED --add-opens=java.base/java.lang=ALL-UNNAMED --add-opens=java.base/java.lang.invoke=ALL-UNNAMED --add-opens=java.prefs/java.util.prefs=ALL-UNNAMED --add-opens=java.base/java.nio.charset=ALL-UNNAMED --add-opens=java.base/java.net=ALL-UNNAMED --add-opens=java.base/java.util.concurrent.atomic=ALL-UNNAMED -Xmx2048m -Dfile.encoding=UTF-8 -Duser.country=CN -Duser.language=zh -Duser.variant org.gradle.launcher.daemon.bootstrap.GradleDaemon 8.0

Host: AMD Ryzen 7 4800H with Radeon Graphics         , 16 cores, 7G,  Windows 10 , 64 bit Build 19041 (10.0.19041.2913)
Time: Sun Jun  4 17:03:24 2023  Windows 10 , 64 bit Build 19041 (10.0.19041.2913) elapsed time: 17.536357 seconds (0d 0h 0m 17s)

---------------  T H R E A D  ---------------

Current thread (0x0000017015c594c0):  JavaThread "C2 CompilerThread0" daemon [_thread_in_native, id=9164, stack(0x00000025dde00000,0x00000025ddf00000)]


Current CompileTask:
C2:  17536 6970   !   4       com.google.common.reflect.TypeVisitor::visit (244 bytes)

Stack: [0x00000025dde00000,0x00000025ddf00000]
Native frames: (J=compiled Java code, j=interpreted, Vv=VM code, C=native code)
V  [jvm.dll+0x683b4a]
V  [jvm.dll+0x842654]
V  [jvm.dll+0x843dfe]
V  [jvm.dll+0x844463]
V  [jvm.dll+0x249b75]
V  [jvm.dll+0xabcac]
V  [jvm.dll+0xac27c]
V  [jvm.dll+0x11f257]
V  [jvm.dll+0x615ad5]
V  [jvm.dll+0x6141a4]
V  [jvm.dll+0x21c078]
V  [jvm.dll+0x21b621]
V  [jvm.dll+0x1a4fdd]
V  [jvm.dll+0x22b098]
V  [jvm.dll+0x229159]
V  [jvm.dll+0x7f809c]
V  [jvm.dll+0x7f25fa]
V  [jvm.dll+0x682985]
C  [ucrtbase.dll+0x21bb2]
C  [KERNEL32.DLL+0x17614]
C  [ntdll.dll+0x526a1]


---------------  P R O C E S S  ---------------

Threads class SMR info:
_java_thread_list=0x000001701a85f900, length=202, elements={
0x000001707a6fac90, 0x00000170151cc410, 0x00000170151cd190, 0x0000017015c80420,
0x0000017015c34b40, 0x0000017015c37410, 0x0000017015c39ce0, 0x0000017015c594c0,
0x0000017015c59dc0, 0x0000017015c5c6d0, 0x0000017015de1120, 0x0000017015dff430,
0x0000017015e02b40, 0x0000017016af6440, 0x0000017017690bf0, 0x000001701778b040,
0x0000017016cac3b0, 0x00000170183daa70, 0x00000170183cf330, 0x00000170183c7be0,
0x00000170183c9620, 0x0000017018305bc0, 0x00000170183056f0, 0x0000017018305220,
0x0000017018306090, 0x0000017018303a10, 0x0000017018306560, 0x0000017018304d50,
0x0000017018306a30, 0x0000017018303070, 0x0000017018303540, 0x0000017018303ee0,
0x0000017018af4db0, 0x0000017018af1d90, 0x0000017018af60f0, 0x0000017018af0f20,
0x0000017018af00b0, 0x0000017018af30d0, 0x0000017018af6a90, 0x0000017018af7430,
0x0000017018af0580, 0x0000017018af35a0, 0x0000017018af0a50, 0x0000017018af18c0,
0x0000017018af2260, 0x0000017018af3a70, 0x0000017018af48e0, 0x0000017018af4410,
0x0000017017526870, 0x0000017017524b90, 0x0000017017525530, 0x00000170175241f0,
0x00000170175263a0, 0x0000017017525ed0, 0x0000017017523850, 0x0000017017523d20,
0x00000170175246c0, 0x0000017017525060, 0x0000017017525a00, 0x0000017017526d40,
0x0000017017527210, 0x000001701a2bc200, 0x000001701a2bb860, 0x000001701a2bb390,
0x000001701a2bdee0, 0x000001701a2b79d0, 0x000001701a2b96b0, 0x000001701a2bd540,
0x000001701a2ba050, 0x000001701a2b7500, 0x000001701a2b7030, 0x000001701a2b8370,
0x000001701a2bbd30, 0x000001701a2bc6d0, 0x000001701a2b7ea0, 0x000001701a2bcba0,
0x000001701a2b8840, 0x000001701a2b8d10, 0x000001701a2bd070, 0x000001701a2bda10,
0x000001701a2be3b0, 0x000001701a2ba520, 0x000001701a2b91e0, 0x000001701a2be880,
0x000001701a2b9b80, 0x000001701a2ba9f0, 0x000001701a2baec0, 0x000001701ac94750,
0x000001701ac94c20, 0x000001701ac92f40, 0x000001701ac90d90, 0x000001701ac91c00,
0x000001701ac95f60, 0x000001701ac950f0, 0x000001701ac955c0, 0x000001701ac96900,
0x000001701ac93410, 0x000001701ac8f0b0, 0x000001701ac938e0, 0x000001701ac95a90,
0x000001701ac94280, 0x000001701ac8f580, 0x000001701ac93db0, 0x000001701ac96430,
0x000001701ac91260, 0x000001701ac920d0, 0x000001701ac91730, 0x000001701ac8fa50,
0x000001701ac8ff20, 0x000001701ac925a0, 0x000001701ac903f0, 0x000001701ac908c0,
0x000001701ac92a70, 0x000001701af6ce90, 0x000001701af70850, 0x000001701af6d360,
0x000001701af716c0, 0x000001701af6c4f0, 0x000001701af6d830, 0x000001701af6ace0,
0x000001701af6f040, 0x000001701af6b680, 0x000001701af6e6a0, 0x000001701af70d20,
0x000001701af6dd00, 0x000001701af6b1b0, 0x000001701af6f510, 0x000001701af6c020,
0x000001701af711f0, 0x000001701af6eb70, 0x000001701af6e1d0, 0x000001701af70380,
0x000001701af6f9e0, 0x000001701af6feb0, 0x000001701af71b90, 0x000001701af72060,
0x000001701af6c9c0, 0x000001701af6a810, 0x000001701af6bb50, 0x000001701ad389b0,
0x000001701ad39820, 0x000001701ad3f390, 0x000001701ad3b9d0, 0x000001701ad38010,
0x000001701ad3a690, 0x000001701ad3e9f0, 0x000001701ad3db80, 0x000001701ad3d1e0,
0x000001701ad39350, 0x000001701ad3e520, 0x000001701ad3e050, 0x000001701ad3b500,
0x000001701ad39cf0, 0x000001701ad3eec0, 0x000001701ad3bea0, 0x000001701ad3f860,
0x000001701ad384e0, 0x000001701ad38e80, 0x000001701ad3d6b0, 0x000001701ad3a1c0,
0x000001701ad3ab60, 0x000001701ad3c370, 0x000001701ad3b030, 0x000001701ad3c840,
0x000001701ad3cd10, 0x000001701aef65f0, 0x000001701aef18f0, 0x000001701aef00e0,
0x000001701aef05b0, 0x000001701aef5c50, 0x000001701aef2760, 0x000001701aef3aa0,
0x000001701aef4910, 0x000001701aef5780, 0x000001701aef6120, 0x000001701aef7460,
0x000001701aef2c30, 0x000001701aef3100, 0x000001701aef6ac0, 0x000001701aef35d0,
0x000001701aef1dc0, 0x000001701aef7930, 0x000001701aef2290, 0x000001701aef6f90,
0x000001701aef0a80, 0x000001701aef0f50, 0x000001701aef52b0, 0x000001701aef3f70,
0x000001701aef1420, 0x000001701aef4440, 0x000001701aef4de0, 0x000001701ac85be0,
0x000001701ac80070, 0x000001701ac84d70, 0x000001701ac873f0, 0x000001701ac85240,
0x000001701ac80540, 0x000001701ac85710, 0x000001701ac80a10, 0x000001701ac86a50,
0x000001701ac80ee0, 0x000001701ac86f20
}

Java Threads: ( => current thread )
  0x000001707a6fac90 JavaThread "main" [_thread_blocked, id=19464, stack(0x00000025dd100000,0x00000025dd200000)]
  0x00000170151cc410 JavaThread "Reference Handler" daemon [_thread_blocked, id=18892, stack(0x00000025dd800000,0x00000025dd900000)]
  0x00000170151cd190 JavaThread "Finalizer" daemon [_thread_blocked, id=8840, stack(0x00000025dd900000,0x00000025dda00000)]
  0x0000017015c80420 JavaThread "Signal Dispatcher" daemon [_thread_blocked, id=24388, stack(0x00000025dda00000,0x00000025ddb00000)]
  0x0000017015c34b40 JavaThread "Attach Listener" daemon [_thread_blocked, id=1612, stack(0x00000025ddb00000,0x00000025ddc00000)]
  0x0000017015c37410 JavaThread "Service Thread" daemon [_thread_blocked, id=20888, stack(0x00000025ddc00000,0x00000025ddd00000)]
  0x0000017015c39ce0 JavaThread "Monitor Deflation Thread" daemon [_thread_blocked, id=10232, stack(0x00000025ddd00000,0x00000025dde00000)]
=>0x0000017015c594c0 JavaThread "C2 CompilerThread0" daemon [_thread_in_native, id=9164, stack(0x00000025dde00000,0x00000025ddf00000)]
  0x0000017015c59dc0 JavaThread "C1 CompilerThread0" daemon [_thread_in_native, id=18972, stack(0x00000025ddf00000,0x00000025de000000)]
  0x0000017015c5c6d0 JavaThread "Sweeper thread" daemon [_thread_blocked, id=15028, stack(0x00000025de000000,0x00000025de100000)]
  0x0000017015de1120 JavaThread "C1 CompilerThread1" daemon [_thread_in_vm, id=22012, stack(0x00000025de100000,0x00000025de200000)]
  0x0000017015dff430 JavaThread "Common-Cleaner" daemon [_thread_blocked, id=14036, stack(0x00000025de200000,0x00000025de300000)]
  0x0000017015e02b40 JavaThread "Notification Thread" daemon [_thread_blocked, id=17544, stack(0x00000025de300000,0x00000025de400000)]
  0x0000017016af6440 JavaThread "C1 CompilerThread2" daemon [_thread_in_native, id=13560, stack(0x00000025de500000,0x00000025de600000)]
  0x0000017017690bf0 JavaThread "Daemon health stats" [_thread_blocked, id=28788, stack(0x00000025dea00000,0x00000025deb00000)]
  0x000001701778b040 JavaThread "Incoming local TCP Connector on port 53627" [_thread_in_native, id=32840, stack(0x00000025deb00000,0x00000025dec00000)]
  0x0000017016cac3b0 JavaThread "Daemon periodic checks" [_thread_blocked, id=24068, stack(0x00000025dec00000,0x00000025ded00000)]
  0x00000170183daa70 JavaThread "Daemon" [_thread_blocked, id=11832, stack(0x00000025ded00000,0x00000025dee00000)]
  0x00000170183cf330 JavaThread "Handler for socket connection from /127.0.0.1:53627 to /127.0.0.1:53628" [_thread_in_native, id=31768, stack(0x00000025dee00000,0x00000025def00000)]
  0x00000170183c7be0 JavaThread "Cancel handler" [_thread_blocked, id=29992, stack(0x00000025def00000,0x00000025df000000)]
  0x00000170183c9620 JavaThread "Daemon worker" [_thread_in_Java, id=13720, stack(0x00000025df000000,0x00000025df100000)]
  0x0000017018305bc0 JavaThread "Asynchronous log dispatcher for DefaultDaemonConnection: socket connection from /127.0.0.1:53627 to /127.0.0.1:53628" [_thread_blocked, id=5044, stack(0x00000025df100000,0x00000025df200000)]
  0x00000170183056f0 JavaThread "Stdin handler" [_thread_blocked, id=12208, stack(0x00000025df200000,0x00000025df300000)]
  0x0000017018305220 JavaThread "Daemon client event forwarder" [_thread_blocked, id=34164, stack(0x00000025df300000,0x00000025df400000)]
  0x0000017018306090 JavaThread "Cache worker for journal cache (C:\Users\asus\.gradle\caches\journal-1)" [_thread_blocked, id=20424, stack(0x00000025dfe00000,0x00000025dff00000)]
  0x0000017018303a10 JavaThread "File lock request listener" [_thread_in_native, id=29072, stack(0x00000025dff00000,0x00000025e0000000)]
  0x0000017018306560 JavaThread "Cache worker for file hash cache (C:\Users\asus\.gradle\caches\8.0\fileHashes)" [_thread_blocked, id=13840, stack(0x00000025e0000000,0x00000025e0100000)]
  0x0000017018304d50 JavaThread "File watcher server" daemon [_thread_in_native, id=4704, stack(0x00000025e0100000,0x00000025e0200000)]
  0x0000017018306a30 JavaThread "File watcher consumer" daemon [_thread_blocked, id=20744, stack(0x00000025e0200000,0x00000025e0300000)]
  0x0000017018303070 JavaThread "Cache worker for checksums cache (G:\android_software\Anonymous-community-app\.gradle\8.0\checksums)" [_thread_blocked, id=18060, stack(0x00000025e0300000,0x00000025e0400000)]
  0x0000017018303540 JavaThread "Cache worker for cache directory md-rule (C:\Users\asus\.gradle\caches\8.0\md-rule)" [_thread_blocked, id=14092, stack(0x00000025e0400000,0x00000025e0500000)]
  0x0000017018303ee0 JavaThread "Cache worker for file content cache (C:\Users\asus\.gradle\caches\8.0\fileContent)" [_thread_blocked, id=1912, stack(0x00000025e0500000,0x00000025e0600000)]
  0x0000017018af4db0 JavaThread "Cache worker for file hash cache (G:\android_software\Anonymous-community-app\.gradle\8.0\fileHashes)" [_thread_blocked, id=27208, stack(0x00000025e0600000,0x00000025e0700000)]
  0x0000017018af1d90 JavaThread "Cache worker for cache directory md-supplier (C:\Users\asus\.gradle\caches\8.0\md-supplier)" [_thread_blocked, id=14672, stack(0x00000025e0700000,0x00000025e0800000)]
  0x0000017018af60f0 JavaThread "Cache worker for execution history cache (C:\Users\asus\.gradle\caches\8.0\executionHistory)" [_thread_blocked, id=29208, stack(0x00000025e0800000,0x00000025e0900000)]
  0x0000017018af0f20 JavaThread "jar transforms" [_thread_blocked, id=20084, stack(0x00000025e0900000,0x00000025e0a00000)]
  0x0000017018af00b0 JavaThread "jar transforms Thread 2" [_thread_blocked, id=34536, stack(0x00000025e0a00000,0x00000025e0b00000)]
  0x0000017018af30d0 JavaThread "jar transforms Thread 3" [_thread_blocked, id=20748, stack(0x00000025e0b00000,0x00000025e0c00000)]
  0x0000017018af6a90 JavaThread "jar transforms Thread 4" [_thread_blocked, id=28408, stack(0x00000025e0c00000,0x00000025e0d00000)]
  0x0000017018af7430 JavaThread "Cache worker for dependencies-accessors (G:\android_software\Anonymous-community-app\.gradle\8.0\dependencies-accessors)" [_thread_blocked, id=18304, stack(0x00000025e0d00000,0x00000025e0e00000)]
  0x0000017018af0580 JavaThread "jar transforms Thread 5" [_thread_blocked, id=23352, stack(0x00000025e0e00000,0x00000025e0f00000)]
  0x0000017018af35a0 JavaThread "Cache worker for Build Output Cleanup Cache (G:\android_software\Anonymous-community-app\.gradle\buildOutputCleanup)" [_thread_blocked, id=30668, stack(0x00000025e0f00000,0x00000025e1000000)]
  0x0000017018af0a50 JavaThread "Unconstrained build operations" [_thread_blocked, id=21820, stack(0x00000025e1000000,0x00000025e1100000)]
  0x0000017018af18c0 JavaThread "Unconstrained build operations Thread 2" [_thread_blocked, id=29872, stack(0x00000025e1100000,0x00000025e1200000)]
  0x0000017018af2260 JavaThread "Unconstrained build operations Thread 3" [_thread_blocked, id=18288, stack(0x00000025e1200000,0x00000025e1300000)]
  0x0000017018af3a70 JavaThread "Unconstrained build operations Thread 4" [_thread_blocked, id=8724, stack(0x00000025e1300000,0x00000025e1400000)]
  0x0000017018af48e0 JavaThread "Unconstrained build operations Thread 5" [_thread_blocked, id=18000, stack(0x00000025e1400000,0x00000025e1500000)]
  0x0000017018af4410 JavaThread "Unconstrained build operations Thread 6" [_thread_blocked, id=2132, stack(0x00000025e1500000,0x00000025e1600000)]
  0x0000017017526870 JavaThread "Unconstrained build operations Thread 7" [_thread_blocked, id=20928, stack(0x00000025e1600000,0x00000025e1700000)]
  0x0000017017524b90 JavaThread "Unconstrained build operations Thread 8" [_thread_blocked, id=16752, stack(0x00000025e1700000,0x00000025e1800000)]
  0x0000017017525530 JavaThread "Unconstrained build operations Thread 9" [_thread_blocked, id=26492, stack(0x00000025e1800000,0x00000025e1900000)]
  0x00000170175241f0 JavaThread "Unconstrained build operations Thread 10" [_thread_blocked, id=2588, stack(0x00000025e1900000,0x00000025e1a00000)]
  0x00000170175263a0 JavaThread "Unconstrained build operations Thread 11" [_thread_blocked, id=22296, stack(0x00000025e1a00000,0x00000025e1b00000)]
  0x0000017017525ed0 JavaThread "Unconstrained build operations Thread 12" [_thread_blocked, id=18272, stack(0x00000025e1b00000,0x00000025e1c00000)]
  0x0000017017523850 JavaThread "Unconstrained build operations Thread 13" [_thread_blocked, id=31468, stack(0x00000025e1c00000,0x00000025e1d00000)]
  0x0000017017523d20 JavaThread "Unconstrained build operations Thread 14" [_thread_blocked, id=32040, stack(0x00000025e1d00000,0x00000025e1e00000)]
  0x00000170175246c0 JavaThread "Unconstrained build operations Thread 15" [_thread_blocked, id=6868, stack(0x00000025e1e00000,0x00000025e1f00000)]
  0x0000017017525060 JavaThread "Unconstrained build operations Thread 16" [_thread_blocked, id=19912, stack(0x00000025e1f00000,0x00000025e2000000)]
  0x0000017017525a00 JavaThread "Unconstrained build operations Thread 17" [_thread_blocked, id=17280, stack(0x00000025e2000000,0x00000025e2100000)]
  0x0000017017526d40 JavaThread "Unconstrained build operations Thread 18" [_thread_blocked, id=28560, stack(0x00000025e2100000,0x00000025e2200000)]
  0x0000017017527210 JavaThread "Unconstrained build operations Thread 19" [_thread_blocked, id=7220, stack(0x00000025e2200000,0x00000025e2300000)]
  0x000001701a2bc200 JavaThread "Unconstrained build operations Thread 20" [_thread_blocked, id=24112, stack(0x00000025e2300000,0x00000025e2400000)]
  0x000001701a2bb860 JavaThread "Unconstrained build operations Thread 21" [_thread_blocked, id=16472, stack(0x00000025e2400000,0x00000025e2500000)]
  0x000001701a2bb390 JavaThread "Unconstrained build operations Thread 22" [_thread_blocked, id=13776, stack(0x00000025e2500000,0x00000025e2600000)]
  0x000001701a2bdee0 JavaThread "Unconstrained build operations Thread 23" [_thread_blocked, id=4376, stack(0x00000025e2600000,0x00000025e2700000)]
  0x000001701a2b79d0 JavaThread "Unconstrained build operations Thread 24" [_thread_blocked, id=33176, stack(0x00000025e2700000,0x00000025e2800000)]
  0x000001701a2b96b0 JavaThread "Unconstrained build operations Thread 25" [_thread_blocked, id=19552, stack(0x00000025e2800000,0x00000025e2900000)]
  0x000001701a2bd540 JavaThread "Unconstrained build operations Thread 26" [_thread_blocked, id=29296, stack(0x00000025e2900000,0x00000025e2a00000)]
  0x000001701a2ba050 JavaThread "Unconstrained build operations Thread 27" [_thread_blocked, id=19656, stack(0x00000025e2a00000,0x00000025e2b00000)]
  0x000001701a2b7500 JavaThread "Unconstrained build operations Thread 28" [_thread_blocked, id=31944, stack(0x00000025e2b00000,0x00000025e2c00000)]
  0x000001701a2b7030 JavaThread "Unconstrained build operations Thread 29" [_thread_blocked, id=14660, stack(0x00000025e2c00000,0x00000025e2d00000)]
  0x000001701a2b8370 JavaThread "Unconstrained build operations Thread 30" [_thread_blocked, id=32968, stack(0x00000025e2d00000,0x00000025e2e00000)]
  0x000001701a2bbd30 JavaThread "Unconstrained build operations Thread 31" [_thread_blocked, id=16116, stack(0x00000025e2e00000,0x00000025e2f00000)]
  0x000001701a2bc6d0 JavaThread "Unconstrained build operations Thread 32" [_thread_blocked, id=10568, stack(0x00000025e2f00000,0x00000025e3000000)]
  0x000001701a2b7ea0 JavaThread "Unconstrained build operations Thread 33" [_thread_blocked, id=10576, stack(0x00000025e3000000,0x00000025e3100000)]
  0x000001701a2bcba0 JavaThread "Unconstrained build operations Thread 34" [_thread_blocked, id=29528, stack(0x00000025e3100000,0x00000025e3200000)]
  0x000001701a2b8840 JavaThread "Unconstrained build operations Thread 35" [_thread_blocked, id=34680, stack(0x00000025e3200000,0x00000025e3300000)]
  0x000001701a2b8d10 JavaThread "Unconstrained build operations Thread 36" [_thread_blocked, id=32068, stack(0x00000025e3300000,0x00000025e3400000)]
  0x000001701a2bd070 JavaThread "Unconstrained build operations Thread 37" [_thread_blocked, id=23256, stack(0x00000025e3400000,0x00000025e3500000)]
  0x000001701a2bda10 JavaThread "Unconstrained build operations Thread 38" [_thread_blocked, id=25248, stack(0x00000025e3500000,0x00000025e3600000)]
  0x000001701a2be3b0 JavaThread "Unconstrained build operations Thread 39" [_thread_blocked, id=34744, stack(0x00000025e3600000,0x00000025e3700000)]
  0x000001701a2ba520 JavaThread "Unconstrained build operations Thread 40" [_thread_blocked, id=32960, stack(0x00000025e3700000,0x00000025e3800000)]
  0x000001701a2b91e0 JavaThread "Unconstrained build operations Thread 41" [_thread_blocked, id=33496, stack(0x00000025e3800000,0x00000025e3900000)]
  0x000001701a2be880 JavaThread "Unconstrained build operations Thread 42" [_thread_blocked, id=10040, stack(0x00000025e3900000,0x00000025e3a00000)]
  0x000001701a2b9b80 JavaThread "Unconstrained build operations Thread 43" [_thread_blocked, id=26968, stack(0x00000025e3a00000,0x00000025e3b00000)]
  0x000001701a2ba9f0 JavaThread "Unconstrained build operations Thread 44" [_thread_blocked, id=8684, stack(0x00000025e3b00000,0x00000025e3c00000)]
  0x000001701a2baec0 JavaThread "Unconstrained build operations Thread 45" [_thread_blocked, id=19864, stack(0x00000025e3c00000,0x00000025e3d00000)]
  0x000001701ac94750 JavaThread "Unconstrained build operations Thread 46" [_thread_blocked, id=21520, stack(0x00000025e3d00000,0x00000025e3e00000)]
  0x000001701ac94c20 JavaThread "Unconstrained build operations Thread 47" [_thread_blocked, id=33168, stack(0x00000025e3e00000,0x00000025e3f00000)]
  0x000001701ac92f40 JavaThread "Unconstrained build operations Thread 48" [_thread_blocked, id=32908, stack(0x00000025e3f00000,0x00000025e4000000)]
  0x000001701ac90d90 JavaThread "Unconstrained build operations Thread 49" [_thread_blocked, id=6488, stack(0x00000025e4000000,0x00000025e4100000)]
  0x000001701ac91c00 JavaThread "Unconstrained build operations Thread 50" [_thread_blocked, id=19048, stack(0x00000025e4100000,0x00000025e4200000)]
  0x000001701ac95f60 JavaThread "Unconstrained build operations Thread 51" [_thread_blocked, id=8816, stack(0x00000025e4200000,0x00000025e4300000)]
  0x000001701ac950f0 JavaThread "Unconstrained build operations Thread 52" [_thread_blocked, id=32308, stack(0x00000025e4300000,0x00000025e4400000)]
  0x000001701ac955c0 JavaThread "Unconstrained build operations Thread 53" [_thread_blocked, id=8976, stack(0x00000025e4400000,0x00000025e4500000)]
  0x000001701ac96900 JavaThread "Unconstrained build operations Thread 54" [_thread_blocked, id=17996, stack(0x00000025e4500000,0x00000025e4600000)]
  0x000001701ac93410 JavaThread "Unconstrained build operations Thread 55" [_thread_blocked, id=29384, stack(0x00000025e4600000,0x00000025e4700000)]
  0x000001701ac8f0b0 JavaThread "Unconstrained build operations Thread 56" [_thread_blocked, id=29864, stack(0x00000025e4700000,0x00000025e4800000)]
  0x000001701ac938e0 JavaThread "Unconstrained build operations Thread 57" [_thread_blocked, id=33872, stack(0x00000025e4800000,0x00000025e4900000)]
  0x000001701ac95a90 JavaThread "Unconstrained build operations Thread 58" [_thread_blocked, id=19468, stack(0x00000025e4900000,0x00000025e4a00000)]
  0x000001701ac94280 JavaThread "Unconstrained build operations Thread 59" [_thread_blocked, id=8640, stack(0x00000025e4a00000,0x00000025e4b00000)]
  0x000001701ac8f580 JavaThread "Unconstrained build operations Thread 60" [_thread_blocked, id=28648, stack(0x00000025e4b00000,0x00000025e4c00000)]
  0x000001701ac93db0 JavaThread "Unconstrained build operations Thread 61" [_thread_blocked, id=3396, stack(0x00000025e4c00000,0x00000025e4d00000)]
  0x000001701ac96430 JavaThread "Unconstrained build operations Thread 62" [_thread_blocked, id=33080, stack(0x00000025e4d00000,0x00000025e4e00000)]
  0x000001701ac91260 JavaThread "Unconstrained build operations Thread 63" [_thread_blocked, id=16748, stack(0x00000025e4e00000,0x00000025e4f00000)]
  0x000001701ac920d0 JavaThread "Unconstrained build operations Thread 64" [_thread_blocked, id=23984, stack(0x00000025e4f00000,0x00000025e5000000)]
  0x000001701ac91730 JavaThread "Unconstrained build operations Thread 65" [_thread_blocked, id=9196, stack(0x00000025e5000000,0x00000025e5100000)]
  0x000001701ac8fa50 JavaThread "Unconstrained build operations Thread 66" [_thread_blocked, id=25144, stack(0x00000025e5100000,0x00000025e5200000)]
  0x000001701ac8ff20 JavaThread "Unconstrained build operations Thread 67" [_thread_blocked, id=576, stack(0x00000025e5200000,0x00000025e5300000)]
  0x000001701ac925a0 JavaThread "Unconstrained build operations Thread 68" [_thread_blocked, id=23700, stack(0x00000025e5300000,0x00000025e5400000)]
  0x000001701ac903f0 JavaThread "Unconstrained build operations Thread 69" [_thread_blocked, id=13988, stack(0x00000025e5400000,0x00000025e5500000)]
  0x000001701ac908c0 JavaThread "Unconstrained build operations Thread 70" [_thread_blocked, id=9064, stack(0x00000025e5500000,0x00000025e5600000)]
  0x000001701ac92a70 JavaThread "Unconstrained build operations Thread 71" [_thread_blocked, id=18808, stack(0x00000025e5600000,0x00000025e5700000)]
  0x000001701af6ce90 JavaThread "Unconstrained build operations Thread 72" [_thread_blocked, id=2404, stack(0x00000025e5700000,0x00000025e5800000)]
  0x000001701af70850 JavaThread "Unconstrained build operations Thread 73" [_thread_blocked, id=32912, stack(0x00000025e5800000,0x00000025e5900000)]
  0x000001701af6d360 JavaThread "Unconstrained build operations Thread 74" [_thread_blocked, id=20764, stack(0x00000025e5900000,0x00000025e5a00000)]
  0x000001701af716c0 JavaThread "Unconstrained build operations Thread 75" [_thread_blocked, id=22104, stack(0x00000025e5a00000,0x00000025e5b00000)]
  0x000001701af6c4f0 JavaThread "Unconstrained build operations Thread 76" [_thread_blocked, id=27056, stack(0x00000025e5b00000,0x00000025e5c00000)]
  0x000001701af6d830 JavaThread "Unconstrained build operations Thread 77" [_thread_blocked, id=13120, stack(0x00000025e5c00000,0x00000025e5d00000)]
  0x000001701af6ace0 JavaThread "Unconstrained build operations Thread 78" [_thread_blocked, id=14248, stack(0x00000025e5d00000,0x00000025e5e00000)]
  0x000001701af6f040 JavaThread "Unconstrained build operations Thread 79" [_thread_blocked, id=32832, stack(0x00000025e5e00000,0x00000025e5f00000)]
  0x000001701af6b680 JavaThread "Unconstrained build operations Thread 80" [_thread_blocked, id=20524, stack(0x00000025e5f00000,0x00000025e6000000)]
  0x000001701af6e6a0 JavaThread "Unconstrained build operations Thread 81" [_thread_blocked, id=32808, stack(0x00000025e6000000,0x00000025e6100000)]
  0x000001701af70d20 JavaThread "Unconstrained build operations Thread 82" [_thread_blocked, id=25604, stack(0x00000025e6100000,0x00000025e6200000)]
  0x000001701af6dd00 JavaThread "Unconstrained build operations Thread 83" [_thread_blocked, id=29256, stack(0x00000025e6200000,0x00000025e6300000)]
  0x000001701af6b1b0 JavaThread "Unconstrained build operations Thread 84" [_thread_blocked, id=29984, stack(0x00000025e6300000,0x00000025e6400000)]
  0x000001701af6f510 JavaThread "Unconstrained build operations Thread 85" [_thread_blocked, id=20592, stack(0x00000025e6400000,0x00000025e6500000)]
  0x000001701af6c020 JavaThread "Unconstrained build operations Thread 86" [_thread_blocked, id=34700, stack(0x00000025e6500000,0x00000025e6600000)]
  0x000001701af711f0 JavaThread "Unconstrained build operations Thread 87" [_thread_blocked, id=21044, stack(0x00000025e6600000,0x00000025e6700000)]
  0x000001701af6eb70 JavaThread "Unconstrained build operations Thread 88" [_thread_blocked, id=16872, stack(0x00000025e6700000,0x00000025e6800000)]
  0x000001701af6e1d0 JavaThread "Unconstrained build operations Thread 89" [_thread_blocked, id=7704, stack(0x00000025e6800000,0x00000025e6900000)]
  0x000001701af70380 JavaThread "Unconstrained build operations Thread 90" [_thread_blocked, id=29960, stack(0x00000025e6900000,0x00000025e6a00000)]
  0x000001701af6f9e0 JavaThread "Unconstrained build operations Thread 91" [_thread_blocked, id=16132, stack(0x00000025e6a00000,0x00000025e6b00000)]
  0x000001701af6feb0 JavaThread "Unconstrained build operations Thread 92" [_thread_blocked, id=6276, stack(0x00000025e6b00000,0x00000025e6c00000)]
  0x000001701af71b90 JavaThread "Unconstrained build operations Thread 93" [_thread_blocked, id=19272, stack(0x00000025e6c00000,0x00000025e6d00000)]
  0x000001701af72060 JavaThread "Unconstrained build operations Thread 94" [_thread_blocked, id=23612, stack(0x00000025e6d00000,0x00000025e6e00000)]
  0x000001701af6c9c0 JavaThread "Unconstrained build operations Thread 95" [_thread_blocked, id=22760, stack(0x00000025e6e00000,0x00000025e6f00000)]
  0x000001701af6a810 JavaThread "Unconstrained build operations Thread 96" [_thread_blocked, id=22028, stack(0x00000025e6f00000,0x00000025e7000000)]
  0x000001701af6bb50 JavaThread "Unconstrained build operations Thread 97" [_thread_blocked, id=28584, stack(0x00000025e7000000,0x00000025e7100000)]
  0x000001701ad389b0 JavaThread "Unconstrained build operations Thread 98" [_thread_blocked, id=7824, stack(0x00000025e7100000,0x00000025e7200000)]
  0x000001701ad39820 JavaThread "Unconstrained build operations Thread 99" [_thread_blocked, id=18836, stack(0x00000025e7200000,0x00000025e7300000)]
  0x000001701ad3f390 JavaThread "Unconstrained build operations Thread 100" [_thread_blocked, id=30688, stack(0x00000025e7300000,0x00000025e7400000)]
  0x000001701ad3b9d0 JavaThread "Unconstrained build operations Thread 101" [_thread_blocked, id=28644, stack(0x00000025e7400000,0x00000025e7500000)]
  0x000001701ad38010 JavaThread "Unconstrained build operations Thread 102" [_thread_blocked, id=30868, stack(0x00000025e7500000,0x00000025e7600000)]
  0x000001701ad3a690 JavaThread "Unconstrained build operations Thread 103" [_thread_blocked, id=25072, stack(0x00000025e7600000,0x00000025e7700000)]
  0x000001701ad3e9f0 JavaThread "Unconstrained build operations Thread 104" [_thread_blocked, id=23864, stack(0x00000025e7700000,0x00000025e7800000)]
  0x000001701ad3db80 JavaThread "Unconstrained build operations Thread 105" [_thread_blocked, id=3052, stack(0x00000025e7800000,0x00000025e7900000)]
  0x000001701ad3d1e0 JavaThread "Unconstrained build operations Thread 106" [_thread_blocked, id=13784, stack(0x00000025e7900000,0x00000025e7a00000)]
  0x000001701ad39350 JavaThread "Unconstrained build operations Thread 107" [_thread_blocked, id=3596, stack(0x00000025e7a00000,0x00000025e7b00000)]
  0x000001701ad3e520 JavaThread "Unconstrained build operations Thread 108" [_thread_blocked, id=31972, stack(0x00000025e7b00000,0x00000025e7c00000)]
  0x000001701ad3e050 JavaThread "Unconstrained build operations Thread 109" [_thread_blocked, id=13008, stack(0x00000025e7c00000,0x00000025e7d00000)]
  0x000001701ad3b500 JavaThread "Unconstrained build operations Thread 110" [_thread_blocked, id=18124, stack(0x00000025e7d00000,0x00000025e7e00000)]
  0x000001701ad39cf0 JavaThread "Unconstrained build operations Thread 111" [_thread_blocked, id=10676, stack(0x00000025e7e00000,0x00000025e7f00000)]
  0x000001701ad3eec0 JavaThread "Unconstrained build operations Thread 112" [_thread_blocked, id=31596, stack(0x00000025e7f00000,0x00000025e8000000)]
  0x000001701ad3bea0 JavaThread "Unconstrained build operations Thread 113" [_thread_blocked, id=16256, stack(0x00000025e8000000,0x00000025e8100000)]
  0x000001701ad3f860 JavaThread "Unconstrained build operations Thread 114" [_thread_blocked, id=34284, stack(0x00000025e8100000,0x00000025e8200000)]
  0x000001701ad384e0 JavaThread "Unconstrained build operations Thread 115" [_thread_blocked, id=12860, stack(0x00000025e8200000,0x00000025e8300000)]
  0x000001701ad38e80 JavaThread "Unconstrained build operations Thread 116" [_thread_blocked, id=1540, stack(0x00000025e8300000,0x00000025e8400000)]
  0x000001701ad3d6b0 JavaThread "Unconstrained build operations Thread 117" [_thread_blocked, id=14308, stack(0x00000025e8400000,0x00000025e8500000)]
  0x000001701ad3a1c0 JavaThread "Unconstrained build operations Thread 118" [_thread_blocked, id=30976, stack(0x00000025e8500000,0x00000025e8600000)]
  0x000001701ad3ab60 JavaThread "Unconstrained build operations Thread 119" [_thread_blocked, id=25460, stack(0x00000025e8600000,0x00000025e8700000)]
  0x000001701ad3c370 JavaThread "Unconstrained build operations Thread 120" [_thread_blocked, id=28108, stack(0x00000025e8700000,0x00000025e8800000)]
  0x000001701ad3b030 JavaThread "Unconstrained build operations Thread 121" [_thread_blocked, id=8492, stack(0x00000025e8800000,0x00000025e8900000)]
  0x000001701ad3c840 JavaThread "Unconstrained build operations Thread 122" [_thread_blocked, id=15776, stack(0x00000025e8900000,0x00000025e8a00000)]
  0x000001701ad3cd10 JavaThread "Unconstrained build operations Thread 123" [_thread_blocked, id=27856, stack(0x00000025e8a00000,0x00000025e8b00000)]
  0x000001701aef65f0 JavaThread "Unconstrained build operations Thread 124" [_thread_blocked, id=19884, stack(0x00000025e8b00000,0x00000025e8c00000)]
  0x000001701aef18f0 JavaThread "Unconstrained build operations Thread 125" [_thread_blocked, id=24432, stack(0x00000025e8c00000,0x00000025e8d00000)]
  0x000001701aef00e0 JavaThread "Unconstrained build operations Thread 126" [_thread_blocked, id=30404, stack(0x00000025e8d00000,0x00000025e8e00000)]
  0x000001701aef05b0 JavaThread "Unconstrained build operations Thread 127" [_thread_blocked, id=20264, stack(0x00000025e8e00000,0x00000025e8f00000)]
  0x000001701aef5c50 JavaThread "Unconstrained build operations Thread 128" [_thread_blocked, id=21156, stack(0x00000025e8f00000,0x00000025e9000000)]
  0x000001701aef2760 JavaThread "Unconstrained build operations Thread 129" [_thread_blocked, id=33672, stack(0x00000025e9000000,0x00000025e9100000)]
  0x000001701aef3aa0 JavaThread "Unconstrained build operations Thread 130" [_thread_blocked, id=23732, stack(0x00000025e9100000,0x00000025e9200000)]
  0x000001701aef4910 JavaThread "Unconstrained build operations Thread 131" [_thread_blocked, id=8460, stack(0x00000025e9200000,0x00000025e9300000)]
  0x000001701aef5780 JavaThread "Unconstrained build operations Thread 132" [_thread_blocked, id=30552, stack(0x00000025e9300000,0x00000025e9400000)]
  0x000001701aef6120 JavaThread "Unconstrained build operations Thread 133" [_thread_blocked, id=21812, stack(0x00000025e9400000,0x00000025e9500000)]
  0x000001701aef7460 JavaThread "Unconstrained build operations Thread 134" [_thread_blocked, id=31248, stack(0x00000025e9500000,0x00000025e9600000)]
  0x000001701aef2c30 JavaThread "Unconstrained build operations Thread 135" [_thread_blocked, id=33364, stack(0x00000025e9600000,0x00000025e9700000)]
  0x000001701aef3100 JavaThread "Unconstrained build operations Thread 136" [_thread_blocked, id=9548, stack(0x00000025e9700000,0x00000025e9800000)]
  0x000001701aef6ac0 JavaThread "Unconstrained build operations Thread 137" [_thread_blocked, id=29780, stack(0x00000025e9800000,0x00000025e9900000)]
  0x000001701aef35d0 JavaThread "Unconstrained build operations Thread 138" [_thread_blocked, id=30288, stack(0x00000025e9900000,0x00000025e9a00000)]
  0x000001701aef1dc0 JavaThread "Unconstrained build operations Thread 139" [_thread_blocked, id=22304, stack(0x00000025e9a00000,0x00000025e9b00000)]
  0x000001701aef7930 JavaThread "Unconstrained build operations Thread 140" [_thread_blocked, id=31036, stack(0x00000025e9b00000,0x00000025e9c00000)]
  0x000001701aef2290 JavaThread "Unconstrained build operations Thread 141" [_thread_blocked, id=20428, stack(0x00000025e9c00000,0x00000025e9d00000)]
  0x000001701aef6f90 JavaThread "Unconstrained build operations Thread 142" [_thread_blocked, id=22232, stack(0x00000025e9d00000,0x00000025e9e00000)]
  0x000001701aef0a80 JavaThread "Unconstrained build operations Thread 143" [_thread_blocked, id=30712, stack(0x00000025e9e00000,0x00000025e9f00000)]
  0x000001701aef0f50 JavaThread "Unconstrained build operations Thread 144" [_thread_blocked, id=31940, stack(0x00000025e9f00000,0x00000025ea000000)]
  0x000001701aef52b0 JavaThread "Unconstrained build operations Thread 145" [_thread_blocked, id=20180, stack(0x00000025ea000000,0x00000025ea100000)]
  0x000001701aef3f70 JavaThread "Unconstrained build operations Thread 146" [_thread_blocked, id=1100, stack(0x00000025ea100000,0x00000025ea200000)]
  0x000001701aef1420 JavaThread "Unconstrained build operations Thread 147" [_thread_blocked, id=29676, stack(0x00000025ea200000,0x00000025ea300000)]
  0x000001701aef4440 JavaThread "jar transforms Thread 6" [_thread_blocked, id=30520, stack(0x00000025ea300000,0x00000025ea400000)]
  0x000001701aef4de0 JavaThread "jar transforms Thread 7" [_thread_blocked, id=12176, stack(0x00000025ea400000,0x00000025ea500000)]
  0x000001701ac85be0 JavaThread "jar transforms Thread 8" [_thread_blocked, id=32852, stack(0x00000025ea500000,0x00000025ea600000)]
  0x000001701ac80070 JavaThread "jar transforms Thread 9" [_thread_blocked, id=16664, stack(0x00000025ea600000,0x00000025ea700000)]
  0x000001701ac84d70 JavaThread "jar transforms Thread 10" [_thread_blocked, id=21368, stack(0x00000025ea700000,0x00000025ea800000)]
  0x000001701ac873f0 JavaThread "jar transforms Thread 11" [_thread_blocked, id=34036, stack(0x00000025ea800000,0x00000025ea900000)]
  0x000001701ac85240 JavaThread "jar transforms Thread 12" [_thread_blocked, id=12848, stack(0x00000025ea900000,0x00000025eaa00000)]
  0x000001701ac80540 JavaThread "jar transforms Thread 13" [_thread_blocked, id=1700, stack(0x00000025eaa00000,0x00000025eab00000)]
  0x000001701ac85710 JavaThread "jar transforms Thread 14" [_thread_blocked, id=23812, stack(0x00000025eab00000,0x00000025eac00000)]
  0x000001701ac80a10 JavaThread "jar transforms Thread 15" [_thread_blocked, id=19532, stack(0x00000025eac00000,0x00000025ead00000)]
  0x000001701ac86a50 JavaThread "jar transforms Thread 16" [_thread_blocked, id=11060, stack(0x00000025ead00000,0x00000025eae00000)]
  0x000001701ac80ee0 JavaThread "build event listener" [_thread_blocked, id=24720, stack(0x00000025eae00000,0x00000025eaf00000)]
  0x000001701ac86f20 JavaThread "Memory manager" [_thread_blocked, id=31800, stack(0x00000025eaf00000,0x00000025eb000000)]

Other Threads:
  0x00000170151c7fd0 VMThread "VM Thread" [stack: 0x00000025dd700000,0x00000025dd800000] [id=28240]
  0x000001707a7b73a0 WatcherThread [stack: 0x00000025de400000,0x00000025de500000] [id=17444]
  0x000001707a759c80 GCTaskThread "GC Thread#0" [stack: 0x00000025dd200000,0x00000025dd300000] [id=28016]
  0x0000017016a3b730 GCTaskThread "GC Thread#1" [stack: 0x00000025de600000,0x00000025de700000] [id=33816]
  0x000001701689e5d0 GCTaskThread "GC Thread#2" [stack: 0x00000025de700000,0x00000025de800000] [id=32864]
  0x00000170161986a0 GCTaskThread "GC Thread#3" [stack: 0x00000025de800000,0x00000025de900000] [id=12596]
  0x0000017016cc3640 GCTaskThread "GC Thread#4" [stack: 0x00000025de900000,0x00000025dea00000] [id=29988]
  0x0000017018472b60 GCTaskThread "GC Thread#5" [stack: 0x00000025df400000,0x00000025df500000] [id=26072]
  0x0000017018496680 GCTaskThread "GC Thread#6" [stack: 0x00000025df500000,0x00000025df600000] [id=32600]
  0x0000017018496930 GCTaskThread "GC Thread#7" [stack: 0x00000025df600000,0x00000025df700000] [id=28492]
  0x0000017018449a40 GCTaskThread "GC Thread#8" [stack: 0x00000025df700000,0x00000025df800000] [id=19904]
  0x000001701846e0d0 GCTaskThread "GC Thread#9" [stack: 0x00000025df800000,0x00000025df900000] [id=26608]
  0x00000170177cd190 GCTaskThread "GC Thread#10" [stack: 0x00000025df900000,0x00000025dfa00000] [id=29284]
  0x00000170177cc980 GCTaskThread "GC Thread#11" [stack: 0x00000025dfa00000,0x00000025dfb00000] [id=31848]
  0x00000170177cc6d0 GCTaskThread "GC Thread#12" [stack: 0x00000025dfb00000,0x00000025dfc00000] [id=19188]
  0x000001707a76c280 ConcurrentGCThread "G1 Main Marker" [stack: 0x00000025dd300000,0x00000025dd400000] [id=14544]
  0x000001707a76cba0 ConcurrentGCThread "G1 Conc#0" [stack: 0x00000025dd400000,0x00000025dd500000] [id=28564]
  0x00000170177ccc30 ConcurrentGCThread "G1 Conc#1" [stack: 0x00000025dfc00000,0x00000025dfd00000] [id=22504]
  0x00000170177cd440 ConcurrentGCThread "G1 Conc#2" [stack: 0x00000025dfd00000,0x00000025dfe00000] [id=17392]
  0x000001707a7ceae0 ConcurrentGCThread "G1 Refine#0" [stack: 0x00000025dd500000,0x00000025dd600000] [id=20012]
  0x000001701503c660 ConcurrentGCThread "G1 Service" [stack: 0x00000025dd600000,0x00000025dd700000] [id=7904]

Threads with active compile tasks:
C2 CompilerThread0    17578 6970   !   4       com.google.common.reflect.TypeVisitor::visit (244 bytes)

VM state: not at safepoint (normal execution)

VM Mutex/Monitor currently owned by a thread: None

Heap address: 0x0000000080000000, size: 2048 MB, Compressed Oops mode: 32-bit

CDS archive(s) not mapped
Compressed class space mapped at: 0x0000000100000000-0x0000000140000000, reserved size: 1073741824
Narrow klass base: 0x0000000000000000, Narrow klass shift: 3, Narrow klass range: 0x140000000

GC Precious Log:
 CPUs: 16 total, 16 available
 Memory: 7597M
 Large Page Support: Disabled
 NUMA Support: Disabled
 Compressed Oops: Enabled (32-bit)
 Heap Region Size: 1M
 Heap Min Capacity: 8M
 Heap Initial Capacity: 120M
 Heap Max Capacity: 2G
 Pre-touch: Disabled
 Parallel Workers: 13
 Concurrent Workers: 3
 Concurrent Refinement Workers: 13
 Periodic GC: Disabled

Heap:
 garbage-first heap   total 138240K, used 87057K [0x0000000080000000, 0x0000000100000000)
  region size 1024K, 31 young (31744K), 4 survivors (4096K)
 Metaspace       used 63324K, committed 63872K, reserved 1105920K
  class space    used 8324K, committed 8576K, reserved 1048576K

Heap Regions: E=young(eden), S=young(survivor), O=old, HS=humongous(starts), HC=humongous(continues), CS=collection set, F=free, OA=open archive, CA=closed archive, TAMS=top-at-mark-start (previous, next)
|   0|0x0000000080000000, 0x0000000080100000, 0x0000000080100000|100%|HS|  |TAMS 0x0000000080100000, 0x0000000080000000| Complete 
|   1|0x0000000080100000, 0x0000000080200000, 0x0000000080200000|100%|HC|  |TAMS 0x0000000080200000, 0x0000000080100000| Complete 
|   2|0x0000000080200000, 0x0000000080300000, 0x0000000080300000|100%|HC|  |TAMS 0x0000000080300000, 0x0000000080200000| Complete 
|   3|0x0000000080300000, 0x0000000080400000, 0x0000000080400000|100%|HC|  |TAMS 0x0000000080400000, 0x0000000080300000| Complete 
|   4|0x0000000080400000, 0x0000000080500000, 0x0000000080500000|100%| O|  |TAMS 0x0000000080500000, 0x0000000080400000| Untracked 
|   5|0x0000000080500000, 0x0000000080600000, 0x0000000080600000|100%| O|  |TAMS 0x0000000080600000, 0x0000000080500000| Untracked 
|   6|0x0000000080600000, 0x0000000080700000, 0x0000000080700000|100%| O|  |TAMS 0x0000000080700000, 0x0000000080600000| Untracked 
|   7|0x0000000080700000, 0x0000000080800000, 0x0000000080800000|100%| O|  |TAMS 0x0000000080800000, 0x0000000080700000| Untracked 
|   8|0x0000000080800000, 0x0000000080900000, 0x0000000080900000|100%| O|  |TAMS 0x0000000080900000, 0x0000000080800000| Untracked 
|   9|0x0000000080900000, 0x0000000080a00000, 0x0000000080a00000|100%| O|  |TAMS 0x0000000080a00000, 0x0000000080900000| Untracked 
|  10|0x0000000080a00000, 0x0000000080b00000, 0x0000000080b00000|100%| O|  |TAMS 0x0000000080b00000, 0x0000000080a00000| Untracked 
|  11|0x0000000080b00000, 0x0000000080c00000, 0x0000000080c00000|100%| O|  |TAMS 0x0000000080c00000, 0x0000000080b00000| Untracked 
|  12|0x0000000080c00000, 0x0000000080d00000, 0x0000000080d00000|100%| O|  |TAMS 0x0000000080d00000, 0x0000000080c00000| Untracked 
|  13|0x0000000080d00000, 0x0000000080e00000, 0x0000000080e00000|100%| O|  |TAMS 0x0000000080e00000, 0x0000000080d00000| Untracked 
|  14|0x0000000080e00000, 0x0000000080f00000, 0x0000000080f00000|100%| O|  |TAMS 0x0000000080f00000, 0x0000000080e00000| Untracked 
|  15|0x0000000080f00000, 0x0000000081000000, 0x0000000081000000|100%| O|  |TAMS 0x0000000081000000, 0x0000000080f00000| Untracked 
|  16|0x0000000081000000, 0x0000000081100000, 0x0000000081100000|100%| O|  |TAMS 0x0000000081100000, 0x0000000081000000| Untracked 
|  17|0x0000000081100000, 0x0000000081200000, 0x0000000081200000|100%| O|  |TAMS 0x0000000081200000, 0x0000000081100000| Untracked 
|  18|0x0000000081200000, 0x0000000081300000, 0x0000000081300000|100%| O|  |TAMS 0x0000000081300000, 0x0000000081200000| Untracked 
|  19|0x0000000081300000, 0x0000000081400000, 0x0000000081400000|100%| O|  |TAMS 0x0000000081400000, 0x0000000081300000| Untracked 
|  20|0x0000000081400000, 0x0000000081500000, 0x0000000081500000|100%| O|  |TAMS 0x0000000081500000, 0x0000000081400000| Untracked 
|  21|0x0000000081500000, 0x0000000081600000, 0x0000000081600000|100%| O|  |TAMS 0x0000000081600000, 0x0000000081500000| Untracked 
|  22|0x0000000081600000, 0x0000000081700000, 0x0000000081700000|100%|HS|  |TAMS 0x0000000081700000, 0x0000000081600000| Complete 
|  23|0x0000000081700000, 0x0000000081800000, 0x0000000081800000|100%| O|  |TAMS 0x0000000081800000, 0x0000000081700000| Untracked 
|  24|0x0000000081800000, 0x0000000081900000, 0x0000000081900000|100%| O|  |TAMS 0x0000000081900000, 0x0000000081800000| Untracked 
|  25|0x0000000081900000, 0x0000000081a00000, 0x0000000081a00000|100%| O|  |TAMS 0x0000000081a00000, 0x0000000081900000| Untracked 
|  26|0x0000000081a00000, 0x0000000081b00000, 0x0000000081b00000|100%| O|  |TAMS 0x0000000081b00000, 0x0000000081a00000| Untracked 
|  27|0x0000000081b00000, 0x0000000081c00000, 0x0000000081c00000|100%| O|  |TAMS 0x0000000081c00000, 0x0000000081b00000| Untracked 
|  28|0x0000000081c00000, 0x0000000081d00000, 0x0000000081d00000|100%|HS|  |TAMS 0x0000000081d00000, 0x0000000081c00000| Complete 
|  29|0x0000000081d00000, 0x0000000081e00000, 0x0000000081e00000|100%|HC|  |TAMS 0x0000000081e00000, 0x0000000081d00000| Complete 
|  30|0x0000000081e00000, 0x0000000081f00000, 0x0000000081f00000|100%|HS|  |TAMS 0x0000000081f00000, 0x0000000081e00000| Complete 
|  31|0x0000000081f00000, 0x0000000082000000, 0x0000000082000000|100%|HS|  |TAMS 0x0000000082000000, 0x0000000081f00000| Complete 
|  32|0x0000000082000000, 0x0000000082100000, 0x0000000082100000|100%|HC|  |TAMS 0x0000000082100000, 0x0000000082000000| Complete 
|  33|0x0000000082100000, 0x0000000082200000, 0x0000000082200000|100%|HC|  |TAMS 0x0000000082200000, 0x0000000082100000| Complete 
|  34|0x0000000082200000, 0x0000000082300000, 0x0000000082300000|100%|HC|  |TAMS 0x0000000082300000, 0x0000000082200000| Complete 
|  35|0x0000000082300000, 0x0000000082400000, 0x0000000082400000|100%| O|  |TAMS 0x0000000082400000, 0x0000000082300000| Untracked 
|  36|0x0000000082400000, 0x0000000082500000, 0x0000000082500000|100%| O|  |TAMS 0x0000000082500000, 0x0000000082400000| Untracked 
|  37|0x0000000082500000, 0x0000000082600000, 0x0000000082600000|100%| O|  |TAMS 0x0000000082600000, 0x0000000082500000| Untracked 
|  38|0x0000000082600000, 0x0000000082700000, 0x0000000082700000|100%| O|  |TAMS 0x0000000082700000, 0x0000000082600000| Untracked 
|  39|0x0000000082700000, 0x0000000082800000, 0x0000000082800000|100%| O|  |TAMS 0x0000000082800000, 0x0000000082700000| Untracked 
|  40|0x0000000082800000, 0x0000000082900000, 0x0000000082900000|100%| O|  |TAMS 0x0000000082900000, 0x0000000082800000| Untracked 
|  41|0x0000000082900000, 0x0000000082a00000, 0x0000000082a00000|100%| O|  |TAMS 0x0000000082a00000, 0x0000000082900000| Untracked 
|  42|0x0000000082a00000, 0x0000000082b00000, 0x0000000082b00000|100%| O|  |TAMS 0x0000000082b00000, 0x0000000082a00000| Untracked 
|  43|0x0000000082b00000, 0x0000000082c00000, 0x0000000082c00000|100%| O|  |TAMS 0x0000000082c00000, 0x0000000082b00000| Untracked 
|  44|0x0000000082c00000, 0x0000000082d00000, 0x0000000082d00000|100%| O|  |TAMS 0x0000000082d00000, 0x0000000082c00000| Untracked 
|  45|0x0000000082d00000, 0x0000000082e00000, 0x0000000082e00000|100%| O|  |TAMS 0x0000000082e00000, 0x0000000082d00000| Untracked 
|  46|0x0000000082e00000, 0x0000000082f00000, 0x0000000082f00000|100%| O|  |TAMS 0x0000000082f00000, 0x0000000082e00000| Untracked 
|  47|0x0000000082f00000, 0x0000000083000000, 0x0000000083000000|100%| O|  |TAMS 0x0000000083000000, 0x0000000082f00000| Untracked 
|  48|0x0000000083000000, 0x0000000083100000, 0x0000000083100000|100%| O|  |TAMS 0x0000000083100000, 0x0000000083000000| Untracked 
|  49|0x0000000083100000, 0x0000000083141000, 0x0000000083200000| 25%| O|  |TAMS 0x0000000083141000, 0x0000000083100000| Untracked 
|  50|0x0000000083200000, 0x0000000083300000, 0x0000000083300000|100%|HS|  |TAMS 0x0000000083200000, 0x0000000083200000| Complete 
|  51|0x0000000083300000, 0x0000000083400000, 0x0000000083400000|100%|HS|  |TAMS 0x0000000083300000, 0x0000000083300000| Complete 
|  52|0x0000000083400000, 0x0000000083500000, 0x0000000083500000|100%|HS|  |TAMS 0x0000000083400000, 0x0000000083400000| Complete 
|  53|0x0000000083500000, 0x0000000083600000, 0x0000000083600000|100%|HS|  |TAMS 0x0000000083500000, 0x0000000083500000| Complete 
|  54|0x0000000083600000, 0x0000000083700000, 0x0000000083700000|100%|HS|  |TAMS 0x0000000083600000, 0x0000000083600000| Complete 
|  55|0x0000000083700000, 0x0000000083800000, 0x0000000083800000|100%|HS|  |TAMS 0x0000000083700000, 0x0000000083700000| Complete 
|  56|0x0000000083800000, 0x0000000083800000, 0x0000000083900000|  0%| F|  |TAMS 0x0000000083800000, 0x0000000083800000| Untracked 
|  57|0x0000000083900000, 0x0000000083900000, 0x0000000083a00000|  0%| F|  |TAMS 0x0000000083900000, 0x0000000083900000| Untracked 
|  58|0x0000000083a00000, 0x0000000083a00000, 0x0000000083b00000|  0%| F|  |TAMS 0x0000000083a00000, 0x0000000083a00000| Untracked 
|  59|0x0000000083b00000, 0x0000000083b00000, 0x0000000083c00000|  0%| F|  |TAMS 0x0000000083b00000, 0x0000000083b00000| Untracked 
|  60|0x0000000083c00000, 0x0000000083c00000, 0x0000000083d00000|  0%| F|  |TAMS 0x0000000083c00000, 0x0000000083c00000| Untracked 
|  61|0x0000000083d00000, 0x0000000083d00000, 0x0000000083e00000|  0%| F|  |TAMS 0x0000000083d00000, 0x0000000083d00000| Untracked 
|  62|0x0000000083e00000, 0x0000000083e00000, 0x0000000083f00000|  0%| F|  |TAMS 0x0000000083e00000, 0x0000000083e00000| Untracked 
|  63|0x0000000083f00000, 0x0000000083f00000, 0x0000000084000000|  0%| F|  |TAMS 0x0000000083f00000, 0x0000000083f00000| Untracked 
|  64|0x0000000084000000, 0x0000000084000000, 0x0000000084100000|  0%| F|  |TAMS 0x0000000084000000, 0x0000000084000000| Untracked 
|  65|0x0000000084100000, 0x0000000084100000, 0x0000000084200000|  0%| F|  |TAMS 0x0000000084100000, 0x0000000084100000| Untracked 
|  66|0x0000000084200000, 0x0000000084200000, 0x0000000084300000|  0%| F|  |TAMS 0x0000000084200000, 0x0000000084200000| Untracked 
|  67|0x0000000084300000, 0x0000000084300000, 0x0000000084400000|  0%| F|  |TAMS 0x0000000084300000, 0x0000000084300000| Untracked 
|  68|0x0000000084400000, 0x0000000084400000, 0x0000000084500000|  0%| F|  |TAMS 0x0000000084400000, 0x0000000084400000| Untracked 
|  69|0x0000000084500000, 0x0000000084500000, 0x0000000084600000|  0%| F|  |TAMS 0x0000000084500000, 0x0000000084500000| Untracked 
|  70|0x0000000084600000, 0x0000000084600000, 0x0000000084700000|  0%| F|  |TAMS 0x0000000084600000, 0x0000000084600000| Untracked 
|  71|0x0000000084700000, 0x0000000084700000, 0x0000000084800000|  0%| F|  |TAMS 0x0000000084700000, 0x0000000084700000| Untracked 
|  72|0x0000000084800000, 0x0000000084800000, 0x0000000084900000|  0%| F|  |TAMS 0x0000000084800000, 0x0000000084800000| Untracked 
|  73|0x0000000084900000, 0x0000000084900000, 0x0000000084a00000|  0%| F|  |TAMS 0x0000000084900000, 0x0000000084900000| Untracked 
|  74|0x0000000084a00000, 0x0000000084a00000, 0x0000000084b00000|  0%| F|  |TAMS 0x0000000084a00000, 0x0000000084a00000| Untracked 
|  75|0x0000000084b00000, 0x0000000084b00000, 0x0000000084c00000|  0%| F|  |TAMS 0x0000000084b00000, 0x0000000084b00000| Untracked 
|  76|0x0000000084c00000, 0x0000000084c00000, 0x0000000084d00000|  0%| F|  |TAMS 0x0000000084c00000, 0x0000000084c00000| Untracked 
|  77|0x0000000084d00000, 0x0000000084d00000, 0x0000000084e00000|  0%| F|  |TAMS 0x0000000084d00000, 0x0000000084d00000| Untracked 
|  78|0x0000000084e00000, 0x0000000084e00000, 0x0000000084f00000|  0%| F|  |TAMS 0x0000000084e00000, 0x0000000084e00000| Untracked 
|  79|0x0000000084f00000, 0x0000000084f00000, 0x0000000085000000|  0%| F|  |TAMS 0x0000000084f00000, 0x0000000084f00000| Untracked 
|  80|0x0000000085000000, 0x0000000085000000, 0x0000000085100000|  0%| F|  |TAMS 0x0000000085000000, 0x0000000085000000| Untracked 
|  81|0x0000000085100000, 0x0000000085100000, 0x0000000085200000|  0%| F|  |TAMS 0x0000000085100000, 0x0000000085100000| Untracked 
|  82|0x0000000085200000, 0x0000000085200000, 0x0000000085300000|  0%| F|  |TAMS 0x0000000085200000, 0x0000000085200000| Untracked 
|  83|0x0000000085300000, 0x0000000085300000, 0x0000000085400000|  0%| F|  |TAMS 0x0000000085300000, 0x0000000085300000| Untracked 
|  84|0x0000000085400000, 0x0000000085400000, 0x0000000085500000|  0%| F|  |TAMS 0x0000000085400000, 0x0000000085400000| Untracked 
|  85|0x0000000085500000, 0x0000000085500000, 0x0000000085600000|  0%| F|  |TAMS 0x0000000085500000, 0x0000000085500000| Untracked 
|  86|0x0000000085600000, 0x0000000085600000, 0x0000000085700000|  0%| F|  |TAMS 0x0000000085600000, 0x0000000085600000| Untracked 
|  87|0x0000000085700000, 0x0000000085700000, 0x0000000085800000|  0%| F|  |TAMS 0x0000000085700000, 0x0000000085700000| Untracked 
|  88|0x0000000085800000, 0x0000000085800000, 0x0000000085900000|  0%| F|  |TAMS 0x0000000085800000, 0x0000000085800000| Untracked 
|  89|0x0000000085900000, 0x0000000085900000, 0x0000000085a00000|  0%| F|  |TAMS 0x0000000085900000, 0x0000000085900000| Untracked 
|  90|0x0000000085a00000, 0x0000000085a00000, 0x0000000085b00000|  0%| F|  |TAMS 0x0000000085a00000, 0x0000000085a00000| Untracked 
|  91|0x0000000085b00000, 0x0000000085b00000, 0x0000000085c00000|  0%| F|  |TAMS 0x0000000085b00000, 0x0000000085b00000| Untracked 
|  92|0x0000000085c00000, 0x0000000085c00000, 0x0000000085d00000|  0%| F|  |TAMS 0x0000000085c00000, 0x0000000085c00000| Untracked 
|  93|0x0000000085d00000, 0x0000000085d00000, 0x0000000085e00000|  0%| F|  |TAMS 0x0000000085d00000, 0x0000000085d00000| Untracked 
|  94|0x0000000085e00000, 0x0000000085e00000, 0x0000000085f00000|  0%| F|  |TAMS 0x0000000085e00000, 0x0000000085e00000| Untracked 
|  95|0x0000000085f00000, 0x0000000085f00000, 0x0000000086000000|  0%| F|  |TAMS 0x0000000085f00000, 0x0000000085f00000| Untracked 
|  96|0x0000000086000000, 0x0000000086000000, 0x0000000086100000|  0%| F|  |TAMS 0x0000000086000000, 0x0000000086000000| Untracked 
|  97|0x0000000086100000, 0x0000000086100000, 0x0000000086200000|  0%| F|  |TAMS 0x0000000086100000, 0x0000000086100000| Untracked 
|  98|0x0000000086200000, 0x0000000086200000, 0x0000000086300000|  0%| F|  |TAMS 0x0000000086200000, 0x0000000086200000| Untracked 
|  99|0x0000000086300000, 0x0000000086300000, 0x0000000086400000|  0%| F|  |TAMS 0x0000000086300000, 0x0000000086300000| Untracked 
| 100|0x0000000086400000, 0x0000000086400000, 0x0000000086500000|  0%| F|  |TAMS 0x0000000086400000, 0x0000000086400000| Untracked 
| 101|0x0000000086500000, 0x0000000086500000, 0x0000000086600000|  0%| F|  |TAMS 0x0000000086500000, 0x0000000086500000| Untracked 
| 102|0x0000000086600000, 0x0000000086600000, 0x0000000086700000|  0%| F|  |TAMS 0x0000000086600000, 0x0000000086600000| Untracked 
| 103|0x0000000086700000, 0x0000000086700000, 0x0000000086800000|  0%| F|  |TAMS 0x0000000086700000, 0x0000000086700000| Untracked 
| 104|0x0000000086800000, 0x0000000086880810, 0x0000000086900000| 50%| E|  |TAMS 0x0000000086800000, 0x0000000086800000| Complete 
| 105|0x0000000086900000, 0x0000000086a00000, 0x0000000086a00000|100%| E|CS|TAMS 0x0000000086900000, 0x0000000086900000| Complete 
| 106|0x0000000086a00000, 0x0000000086b00000, 0x0000000086b00000|100%| E|CS|TAMS 0x0000000086a00000, 0x0000000086a00000| Complete 
| 107|0x0000000086b00000, 0x0000000086c00000, 0x0000000086c00000|100%| E|CS|TAMS 0x0000000086b00000, 0x0000000086b00000| Complete 
| 108|0x0000000086c00000, 0x0000000086d00000, 0x0000000086d00000|100%| E|CS|TAMS 0x0000000086c00000, 0x0000000086c00000| Complete 
| 109|0x0000000086d00000, 0x0000000086e00000, 0x0000000086e00000|100%| E|CS|TAMS 0x0000000086d00000, 0x0000000086d00000| Complete 
| 110|0x0000000086e00000, 0x0000000086f00000, 0x0000000086f00000|100%| E|CS|TAMS 0x0000000086e00000, 0x0000000086e00000| Complete 
| 111|0x0000000086f00000, 0x0000000087000000, 0x0000000087000000|100%| E|CS|TAMS 0x0000000086f00000, 0x0000000086f00000| Complete 
| 112|0x0000000087000000, 0x0000000087100000, 0x0000000087100000|100%| E|CS|TAMS 0x0000000087000000, 0x0000000087000000| Complete 
| 113|0x0000000087100000, 0x0000000087200000, 0x0000000087200000|100%| E|CS|TAMS 0x0000000087100000, 0x0000000087100000| Complete 
| 114|0x0000000087200000, 0x0000000087300000, 0x0000000087300000|100%| E|CS|TAMS 0x0000000087200000, 0x0000000087200000| Complete 
| 115|0x0000000087300000, 0x0000000087400000, 0x0000000087400000|100%| E|CS|TAMS 0x0000000087300000, 0x0000000087300000| Complete 
| 116|0x0000000087400000, 0x0000000087500000, 0x0000000087500000|100%| E|CS|TAMS 0x0000000087400000, 0x0000000087400000| Complete 
| 117|0x0000000087500000, 0x0000000087600000, 0x0000000087600000|100%| E|CS|TAMS 0x0000000087500000, 0x0000000087500000| Complete 
| 118|0x0000000087600000, 0x0000000087700000, 0x0000000087700000|100%| E|CS|TAMS 0x0000000087600000, 0x0000000087600000| Complete 
| 119|0x0000000087700000, 0x0000000087800000, 0x0000000087800000|100%| E|CS|TAMS 0x0000000087700000, 0x0000000087700000| Complete 
| 120|0x0000000087800000, 0x0000000087900000, 0x0000000087900000|100%| E|CS|TAMS 0x0000000087800000, 0x0000000087800000| Complete 
| 121|0x0000000087900000, 0x0000000087a00000, 0x0000000087a00000|100%| E|CS|TAMS 0x0000000087900000, 0x0000000087900000| Complete 
| 122|0x0000000087a00000, 0x0000000087b00000, 0x0000000087b00000|100%| E|CS|TAMS 0x0000000087a00000, 0x0000000087a00000| Complete 
| 123|0x0000000087b00000, 0x0000000087c00000, 0x0000000087c00000|100%| E|CS|TAMS 0x0000000087b00000, 0x0000000087b00000| Complete 
| 124|0x0000000087c00000, 0x0000000087d00000, 0x0000000087d00000|100%| E|CS|TAMS 0x0000000087c00000, 0x0000000087c00000| Complete 
| 125|0x0000000087d00000, 0x0000000087e00000, 0x0000000087e00000|100%| E|CS|TAMS 0x0000000087d00000, 0x0000000087d00000| Complete 
| 126|0x0000000087e00000, 0x0000000087f00000, 0x0000000087f00000|100%| E|CS|TAMS 0x0000000087e00000, 0x0000000087e00000| Complete 
| 127|0x0000000087f00000, 0x0000000088000000, 0x0000000088000000|100%| E|CS|TAMS 0x0000000087f00000, 0x0000000087f00000| Complete 
| 128|0x0000000088000000, 0x0000000088100000, 0x0000000088100000|100%| E|CS|TAMS 0x0000000088000000, 0x0000000088000000| Complete 
| 129|0x0000000088100000, 0x0000000088200000, 0x0000000088200000|100%| E|CS|TAMS 0x0000000088100000, 0x0000000088100000| Complete 
| 130|0x0000000088200000, 0x00000000882c3550, 0x0000000088300000| 76%| S|CS|TAMS 0x0000000088200000, 0x0000000088200000| Complete 
| 131|0x0000000088300000, 0x0000000088400000, 0x0000000088400000|100%| S|CS|TAMS 0x0000000088300000, 0x0000000088300000| Complete 
| 132|0x0000000088400000, 0x0000000088500000, 0x0000000088500000|100%| S|CS|TAMS 0x0000000088400000, 0x0000000088400000| Complete 
| 133|0x0000000088500000, 0x0000000088600000, 0x0000000088600000|100%| S|CS|TAMS 0x0000000088500000, 0x0000000088500000| Complete 
| 134|0x0000000088600000, 0x0000000088700000, 0x0000000088700000|100%| E|CS|TAMS 0x0000000088600000, 0x0000000088600000| Complete 

Card table byte_map: [0x000001707e860000,0x000001707ec60000] _byte_map_base: 0x000001707e460000

Marking Bits (Prev, Next): (CMBitMap*) 0x000001707a75b1f0, (CMBitMap*) 0x000001707a75b1b0
 Prev Bits: [0x0000017011000000, 0x0000017013000000)
 Next Bits: [0x000001700f000000, 0x0000017011000000)

Polling page: 0x0000017078530000

Metaspace:

Usage:
  Non-class:     53.73 MB used.
      Class:      8.13 MB used.
       Both:     61.86 MB used.

Virtual space:
  Non-class space:       56.00 MB reserved,      54.06 MB ( 97%) committed,  7 nodes.
      Class space:        1.00 GB reserved,       8.38 MB ( <1%) committed,  1 nodes.
             Both:        1.05 GB reserved,      62.44 MB (  6%) committed. 

Chunk freelists:
   Non-Class:  1.86 MB
       Class:  3.59 MB
        Both:  5.45 MB

MaxMetaspaceSize: unlimited
CompressedClassSpaceSize: 1.00 GB
Initial GC threshold: 21.00 MB
Current GC threshold: 98.88 MB
CDS: off
MetaspaceReclaimPolicy: balanced
 - commit_granule_bytes: 65536.
 - commit_granule_words: 8192.
 - virtual_space_node_default_size: 1048576.
 - enlarge_chunks_in_place: 1.
 - new_chunks_are_fully_committed: 0.
 - uncommit_free_chunks: 1.
 - use_allocation_guard: 0.
 - handle_deallocations: 1.


Internal statistics:

num_allocs_failed_limit: 9.
num_arena_births: 598.
num_arena_deaths: 0.
num_vsnodes_births: 8.
num_vsnodes_deaths: 0.
num_space_committed: 999.
num_space_uncommitted: 0.
num_chunks_returned_to_freelist: 9.
num_chunks_taken_from_freelist: 2627.
num_chunk_merges: 6.
num_chunk_splits: 1740.
num_chunks_enlarged: 1187.
num_purges: 0.
num_inconsistent_stats: 0.

CodeHeap 'non-profiled nmethods': size=119168Kb used=3138Kb max_used=3138Kb free=116029Kb
 bounds [0x0000017007ba0000, 0x0000017007ec0000, 0x000001700f000000]
CodeHeap 'profiled nmethods': size=119104Kb used=14453Kb max_used=14453Kb free=104650Kb
 bounds [0x0000017000000000, 0x0000017000e20000, 0x0000017007450000]
CodeHeap 'non-nmethods': size=7488Kb used=3473Kb max_used=3508Kb free=4014Kb
 bounds [0x0000017007450000, 0x00000170077c0000, 0x0000017007ba0000]
 total_blobs=7887 nmethods=7013 adapters=783
 compilation: enabled
              stopped_count=0, restarted_count=0
 full_count=0

Compilation events (20 events):
Event: 17.466 Thread 0x0000017015de1120 7176       1       sun.security.x509.X509AttributeName::getSuffix (5 bytes)
Event: 17.466 Thread 0x0000017015c59dc0 7177       1       sun.security.x509.X509AttributeName::getPrefix (5 bytes)
Event: 17.467 Thread 0x0000017015de1120 nmethod 7176 0x0000017007eb0010 code [0x0000017007eb01a0, 0x0000017007eb0278]
Event: 17.467 Thread 0x0000017015c59dc0 nmethod 7177 0x0000017007eb0310 code [0x0000017007eb04a0, 0x0000017007eb0578]
Event: 17.468 Thread 0x0000017016af6440 7178       2       sun.security.util.DerValue::subs (75 bytes)
Event: 17.469 Thread 0x0000017016af6440 nmethod 7178 0x0000017000e12710 code [0x0000017000e12920, 0x0000017000e12e98]
Event: 17.483 Thread 0x0000017016af6440 7179       2       java.math.MutableBigInteger::isOne (27 bytes)
Event: 17.483 Thread 0x0000017015de1120 7180       2       java.math.MutableBigInteger::leftShift (293 bytes)
Event: 17.483 Thread 0x0000017015c59dc0 7181       2       java.math.SignedMutableBigInteger::signedAdd (34 bytes)
Event: 17.483 Thread 0x0000017016af6440 nmethod 7179 0x0000017000e13210 code [0x0000017000e133a0, 0x0000017000e134f8]
Event: 17.483 Thread 0x0000017015c59dc0 nmethod 7181 0x0000017000e13610 code [0x0000017000e137c0, 0x0000017000e13958]
Event: 17.483 Thread 0x0000017016af6440 7183       2       java.math.MutableBigInteger::divWord (108 bytes)
Event: 17.483 Thread 0x0000017015c59dc0 7182       2       java.math.SignedMutableBigInteger::signedSubtract (34 bytes)
Event: 17.484 Thread 0x0000017015c59dc0 nmethod 7182 0x0000017000e13a90 code [0x0000017000e13c40, 0x0000017000e13dd8]
Event: 17.484 Thread 0x0000017015de1120 nmethod 7180 0x0000017000e13f10 code [0x0000017000e14120, 0x0000017000e147b8]
Event: 17.484 Thread 0x0000017016af6440 nmethod 7183 0x0000017000e14b10 code [0x0000017000e14cc0, 0x0000017000e14f78]
Event: 17.500 Thread 0x0000017016af6440 7188       2       java.util.ImmutableCollections$ListItr::hasNext (17 bytes)
Event: 17.500 Thread 0x0000017015de1120 7189       1       sun.security.util.KnownOIDs::stdName (5 bytes)
Event: 17.501 Thread 0x0000017015de1120 nmethod 7189 0x0000017007eb0610 code [0x0000017007eb07a0, 0x0000017007eb0878]
Event: 17.501 Thread 0x0000017016af6440 nmethod 7188 0x0000017000e15090 code [0x0000017000e15220, 0x0000017000e15338]

GC Heap History (20 events):
Event: 7.721 GC heap before
{Heap before GC invocations=5 (full 0):
 garbage-first heap   total 65536K, used 45255K [0x0000000080000000, 0x0000000100000000)
  region size 1024K, 27 young (27648K), 3 survivors (3072K)
 Metaspace       used 30493K, committed 30784K, reserved 1081344K
  class space    used 4118K, committed 4224K, reserved 1048576K
}
Event: 7.726 GC heap after
{Heap after GC invocations=6 (full 0):
 garbage-first heap   total 65536K, used 22215K [0x0000000080000000, 0x0000000100000000)
  region size 1024K, 2 young (2048K), 2 survivors (2048K)
 Metaspace       used 30493K, committed 30784K, reserved 1081344K
  class space    used 4118K, committed 4224K, reserved 1048576K
}
Event: 8.502 GC heap before
{Heap before GC invocations=6 (full 0):
 garbage-first heap   total 65536K, used 45767K [0x0000000080000000, 0x0000000100000000)
  region size 1024K, 26 young (26624K), 2 survivors (2048K)
 Metaspace       used 34622K, committed 35008K, reserved 1081344K
  class space    used 4755K, committed 4928K, reserved 1048576K
}
Event: 8.506 GC heap after
{Heap after GC invocations=7 (full 0):
 garbage-first heap   total 65536K, used 23347K [0x0000000080000000, 0x0000000100000000)
  region size 1024K, 3 young (3072K), 3 survivors (3072K)
 Metaspace       used 34622K, committed 35008K, reserved 1081344K
  class space    used 4755K, committed 4928K, reserved 1048576K
}
Event: 8.679 GC heap before
{Heap before GC invocations=7 (full 0):
 garbage-first heap   total 65536K, used 28467K [0x0000000080000000, 0x0000000100000000)
  region size 1024K, 9 young (9216K), 3 survivors (3072K)
 Metaspace       used 35534K, committed 35968K, reserved 1081344K
  class space    used 4876K, committed 5056K, reserved 1048576K
}
Event: 8.684 GC heap after
{Heap after GC invocations=8 (full 0):
 garbage-first heap   total 65536K, used 24614K [0x0000000080000000, 0x0000000100000000)
  region size 1024K, 3 young (3072K), 3 survivors (3072K)
 Metaspace       used 35534K, committed 35968K, reserved 1081344K
  class space    used 4876K, committed 5056K, reserved 1048576K
}
Event: 9.299 GC heap before
{Heap before GC invocations=9 (full 0):
 garbage-first heap   total 65536K, used 46118K [0x0000000080000000, 0x0000000100000000)
  region size 1024K, 25 young (25600K), 3 survivors (3072K)
 Metaspace       used 40639K, committed 41024K, reserved 1089536K
  class space    used 5360K, committed 5568K, reserved 1048576K
}
Event: 9.305 GC heap after
{Heap after GC invocations=10 (full 0):
 garbage-first heap   total 65536K, used 28120K [0x0000000080000000, 0x0000000100000000)
  region size 1024K, 4 young (4096K), 4 survivors (4096K)
 Metaspace       used 40639K, committed 41024K, reserved 1089536K
  class space    used 5360K, committed 5568K, reserved 1048576K
}
Event: 9.309 GC heap before
{Heap before GC invocations=10 (full 0):
 garbage-first heap   total 65536K, used 29144K [0x0000000080000000, 0x0000000100000000)
  region size 1024K, 5 young (5120K), 4 survivors (4096K)
 Metaspace       used 40640K, committed 41024K, reserved 1089536K
  class space    used 5360K, committed 5568K, reserved 1048576K
}
Event: 9.314 GC heap after
{Heap after GC invocations=11 (full 0):
 garbage-first heap   total 65536K, used 27977K [0x0000000080000000, 0x0000000100000000)
  region size 1024K, 1 young (1024K), 1 survivors (1024K)
 Metaspace       used 40640K, committed 41024K, reserved 1089536K
  class space    used 5360K, committed 5568K, reserved 1048576K
}
Event: 9.506 GC heap before
{Heap before GC invocations=11 (full 0):
 garbage-first heap   total 65536K, used 44361K [0x0000000080000000, 0x0000000100000000)
  region size 1024K, 18 young (18432K), 1 survivors (1024K)
 Metaspace       used 41325K, committed 41664K, reserved 1089536K
  class space    used 5443K, committed 5632K, reserved 1048576K
}
Event: 9.510 GC heap after
{Heap after GC invocations=12 (full 0):
 garbage-first heap   total 138240K, used 30744K [0x0000000080000000, 0x0000000100000000)
  region size 1024K, 3 young (3072K), 3 survivors (3072K)
 Metaspace       used 41325K, committed 41664K, reserved 1089536K
  class space    used 5443K, committed 5632K, reserved 1048576K
}
Event: 12.155 GC heap before
{Heap before GC invocations=12 (full 0):
 garbage-first heap   total 138240K, used 102424K [0x0000000080000000, 0x0000000100000000)
  region size 1024K, 71 young (72704K), 3 survivors (3072K)
 Metaspace       used 50130K, committed 50560K, reserved 1097728K
  class space    used 6609K, committed 6784K, reserved 1048576K
}
Event: 12.164 GC heap after
{Heap after GC invocations=13 (full 0):
 garbage-first heap   total 138240K, used 34771K [0x0000000080000000, 0x0000000100000000)
  region size 1024K, 8 young (8192K), 8 survivors (8192K)
 Metaspace       used 50130K, committed 50560K, reserved 1097728K
  class space    used 6609K, committed 6784K, reserved 1048576K
}
Event: 15.332 GC heap before
{Heap before GC invocations=13 (full 0):
 garbage-first heap   total 138240K, used 106451K [0x0000000080000000, 0x0000000100000000)
  region size 1024K, 70 young (71680K), 8 survivors (8192K)
 Metaspace       used 52503K, committed 52928K, reserved 1097728K
  class space    used 6887K, committed 7104K, reserved 1048576K
}
Event: 15.345 GC heap after
{Heap after GC invocations=14 (full 0):
 garbage-first heap   total 138240K, used 50915K [0x0000000080000000, 0x0000000100000000)
  region size 1024K, 8 young (8192K), 8 survivors (8192K)
 Metaspace       used 52503K, committed 52928K, reserved 1097728K
  class space    used 6887K, committed 7104K, reserved 1048576K
}
Event: 16.932 GC heap before
{Heap before GC invocations=14 (full 0):
 garbage-first heap   total 138240K, used 103139K [0x0000000080000000, 0x0000000100000000)
  region size 1024K, 59 young (60416K), 8 survivors (8192K)
 Metaspace       used 59836K, committed 60352K, reserved 1105920K
  class space    used 7879K, committed 8128K, reserved 1048576K
}
Event: 16.942 GC heap after
{Heap after GC invocations=15 (full 0):
 garbage-first heap   total 138240K, used 54416K [0x0000000080000000, 0x0000000100000000)
  region size 1024K, 4 young (4096K), 4 survivors (4096K)
 Metaspace       used 59836K, committed 60352K, reserved 1105920K
  class space    used 7879K, committed 8128K, reserved 1048576K
}
Event: 16.956 GC heap before
{Heap before GC invocations=15 (full 0):
 garbage-first heap   total 138240K, used 54416K [0x0000000080000000, 0x0000000100000000)
  region size 1024K, 5 young (5120K), 4 survivors (4096K)
 Metaspace       used 59919K, committed 60416K, reserved 1105920K
  class space    used 7892K, committed 8128K, reserved 1048576K
}
Event: 16.960 GC heap after
{Heap after GC invocations=16 (full 0):
 garbage-first heap   total 138240K, used 54289K [0x0000000080000000, 0x0000000100000000)
  region size 1024K, 4 young (4096K), 4 survivors (4096K)
 Metaspace       used 59919K, committed 60416K, reserved 1105920K
  class space    used 7892K, committed 8128K, reserved 1048576K
}

Dll operation events (2 events):
Event: 0.017 Loaded shared library G:\Program Files (x86)\Android Studio\jbr\bin\java.dll
Event: 0.901 Loaded shared library G:\Program Files (x86)\Android Studio\jbr\bin\verify.dll

Deoptimization events (20 events):
Event: 17.405 Thread 0x00000170183c9620 Uncommon trap: trap_request=0xffffff45 fr.pc=0x0000017007cd5b74 relative=0x0000000000000074
Event: 17.405 Thread 0x00000170183c9620 Uncommon trap: reason=unstable_if action=reinterpret pc=0x0000017007cd5b74 method=java.security.CodeSource.getCertificates()[Ljava/security/cert/Certificate; @ 22 c2
Event: 17.405 Thread 0x00000170183c9620 DEOPT PACKING pc=0x0000017007cd5b74 sp=0x00000025df0f2d90
Event: 17.405 Thread 0x00000170183c9620 DEOPT UNPACKING pc=0x00000170074a69a3 sp=0x00000025df0f2d18 mode 2
Event: 17.406 Thread 0x00000170183c9620 Uncommon trap: trap_request=0xffffff45 fr.pc=0x0000017007d72d0c relative=0x00000000000011ac
Event: 17.406 Thread 0x00000170183c9620 Uncommon trap: reason=unstable_if action=reinterpret pc=0x0000017007d72d0c method=java.security.CodeSource.matchCerts(Ljava/security/CodeSource;Z)Z @ 11 c2
Event: 17.406 Thread 0x00000170183c9620 DEOPT PACKING pc=0x0000017007d72d0c sp=0x00000025df0f1560
Event: 17.407 Thread 0x00000170183c9620 DEOPT UNPACKING pc=0x00000170074a69a3 sp=0x00000025df0f13f0 mode 2
Event: 17.407 Thread 0x00000170183c9620 Uncommon trap: trap_request=0xffffff45 fr.pc=0x0000017007e7dad0 relative=0x0000000000001170
Event: 17.407 Thread 0x00000170183c9620 Uncommon trap: reason=unstable_if action=reinterpret pc=0x0000017007e7dad0 method=java.security.CodeSource.getCertificates()[Ljava/security/cert/Certificate; @ 4 c2
Event: 17.407 Thread 0x00000170183c9620 DEOPT PACKING pc=0x0000017007e7dad0 sp=0x00000025df0f1520
Event: 17.407 Thread 0x00000170183c9620 DEOPT UNPACKING pc=0x00000170074a69a3 sp=0x00000025df0f14a0 mode 2
Event: 17.408 Thread 0x00000170183c9620 Uncommon trap: trap_request=0xffffff54 fr.pc=0x0000017007cdbb80 relative=0x00000000000008a0
Event: 17.408 Thread 0x00000170183c9620 Uncommon trap: reason=speculate_null_assert action=make_not_entrant pc=0x0000017007cdbb80 method=java.util.jar.JarFile.getVersionedEntry(Ljava/lang/String;Ljava/util/jar/JarEntry;)Ljava/util/jar/JarEntry; @ 115 c2
Event: 17.408 Thread 0x00000170183c9620 DEOPT PACKING pc=0x0000017007cdbb80 sp=0x00000025df0f2f50
Event: 17.408 Thread 0x00000170183c9620 DEOPT UNPACKING pc=0x00000170074a69a3 sp=0x00000025df0f2f18 mode 2
Event: 17.427 Thread 0x00000170183c9620 Uncommon trap: trap_request=0xffffff45 fr.pc=0x0000017007dfe03c relative=0x000000000000029c
Event: 17.427 Thread 0x00000170183c9620 Uncommon trap: reason=unstable_if action=reinterpret pc=0x0000017007dfe03c method=java.util.LinkedHashMap.get(Ljava/lang/Object;)Ljava/lang/Object; @ 16 c2
Event: 17.427 Thread 0x00000170183c9620 DEOPT PACKING pc=0x0000017007dfe03c sp=0x00000025df0f2850
Event: 17.427 Thread 0x00000170183c9620 DEOPT UNPACKING pc=0x00000170074a69a3 sp=0x00000025df0f2808 mode 2

Classes unloaded (0 events):
No events

Classes redefined (0 events):
No events

Internal exceptions (20 events):
Event: 14.891 Thread 0x00000170183c9620 Exception <a 'java/lang/NoSuchMethodError'{0x00000000851d1158}: 'long java.lang.invoke.DirectMethodHandle$Holder.invokeVirtual(java.lang.Object, java.lang.Object)'> (0x00000000851d1158) 
thrown [s\src\hotspot\share\interpreter\linkResolver.cpp, line 771]
Event: 14.900 Thread 0x0000017018305220 Exception <a 'java/lang/NoSuchMethodError'{0x0000000085006390}: static Lorg/gradle/internal/build/event/types/DefaultOperationFinishedProgressEvent;.<clinit>()V> (0x0000000085006390) 
thrown [s\src\hotspot\share\prims\jni.cpp, line 1108]
Event: 14.905 Thread 0x0000017018305220 Exception <a 'java/lang/NoSuchMethodError'{0x0000000085028808}: static Lorg/gradle/internal/build/event/types/DefaultProjectConfigurationSuccessResult;.<clinit>()V> (0x0000000085028808) 
thrown [s\src\hotspot\share\prims\jni.cpp, line 1108]
Event: 14.905 Thread 0x0000017018305220 Exception <a 'java/lang/NoSuchMethodError'{0x0000000085029b00}: static Lorg/gradle/internal/build/event/types/AbstractProjectConfigurationResult;.<clinit>()V> (0x0000000085029b00) 
thrown [s\src\hotspot\share\prims\jni.cpp, line 1108]
Event: 14.905 Thread 0x0000017018305220 Exception <a 'java/lang/NoSuchMethodError'{0x000000008502adb0}: static Lorg/gradle/internal/build/event/types/AbstractOperationResult;.<clinit>()V> (0x000000008502adb0) 
thrown [s\src\hotspot\share\prims\jni.cpp, line 1108]
Event: 14.905 Thread 0x0000017018305220 Exception <a 'java/lang/NoSuchMethodError'{0x000000008502bd70}: static Lorg/gradle/internal/build/event/types/AbstractResult;.<clinit>()V> (0x000000008502bd70) 
thrown [s\src\hotspot\share\prims\jni.cpp, line 1108]
Event: 14.909 Thread 0x0000017018305220 Exception <a 'java/lang/NoSuchMethodError'{0x00000000850bfbf0}: static Lorg/gradle/internal/build/event/types/DefaultPluginApplicationResult;.<clinit>()V> (0x00000000850bfbf0) 
thrown [s\src\hotspot\share\prims\jni.cpp, line 1108]
Event: 14.910 Thread 0x0000017018305220 Exception <a 'java/lang/NoSuchMethodError'{0x00000000850ca3e0}: static Lorg/gradle/internal/build/event/types/DefaultBinaryPluginIdentifier;.<clinit>()V> (0x00000000850ca3e0) 
thrown [s\src\hotspot\share\prims\jni.cpp, line 1108]
Event: 14.914 Thread 0x0000017018305220 Exception <a 'java/lang/NoSuchMethodError'{0x00000000850de250}: static Lorg/gradle/internal/build/event/types/DefaultScriptPluginIdentifier;.<clinit>()V> (0x00000000850de250) 
thrown [s\src\hotspot\share\prims\jni.cpp, line 1108]
Event: 14.952 Thread 0x00000170183c9620 Exception <a 'java/lang/ClassNotFoundException'{0x00000000850aae18}: build_3xtsa11pmovplw3d5lu91otzrBeanInfo> (0x00000000850aae18) 
thrown [s\src\hotspot\share\classfile\systemDictionary.cpp, line 256]
Event: 14.952 Thread 0x00000170183c9620 Exception <a 'java/lang/ClassNotFoundException'{0x00000000850b1698}: build_3xtsa11pmovplw3d5lu91otzrCustomizer> (0x00000000850b1698) 
thrown [s\src\hotspot\share\classfile\systemDictionary.cpp, line 256]
Event: 15.500 Thread 0x00000170183c9620 Exception <a 'java/lang/ClassNotFoundException'{0x00000000884763f8}: org/gradle/api/internal/plugins/DefaultObjectConfigurationActionBeanInfo> (0x00000000884763f8) 
thrown [s\src\hotspot\share\classfile\systemDictionary.cpp, line 256]
Event: 15.502 Thread 0x00000170183c9620 Exception <a 'java/lang/ClassNotFoundException'{0x0000000088488a58}: org/gradle/api/internal/plugins/DefaultObjectConfigurationActionCustomizer> (0x0000000088488a58) 
thrown [s\src\hotspot\share\classfile\systemDictionary.cpp, line 256]
Event: 15.801 Thread 0x00000170183c9620 Exception <a 'java/lang/NoSuchMethodError'{0x0000000087934fb8}: 'java.lang.Object java.lang.invoke.DirectMethodHandle$Holder.newInvokeSpecial(java.lang.Object, java.lang.Object, java.lang.Object, java.lang.Object, int)'> (0x0000000087934fb8) 
thrown [s\src\hotspot\share\interpreter\linkResolver.cpp, line 771]
Event: 15.802 Thread 0x00000170183c9620 Exception <a 'java/lang/NoSuchMethodError'{0x000000008793a158}: 'java.lang.Object java.lang.invoke.DirectMethodHandle$Holder.invokeSpecial(java.lang.Object, java.lang.Object, java.lang.Object, java.lang.Object, java.lang.Object, int)'> (0x000000008793a158) 
thrown [s\src\hotspot\share\interpreter\linkResolver.cpp, line 771]
Event: 15.803 Thread 0x00000170183c9620 Exception <a 'java/lang/NoSuchMethodError'{0x000000008793ec30}: 'java.lang.Object java.lang.invoke.Invokers$Holder.linkToTargetMethod(java.lang.Object, java.lang.Object, java.lang.Object, int, java.lang.Object)'> (0x000000008793ec30) 
thrown [s\src\hotspot\share\interpreter\linkResolver.cpp, line 771]
Event: 16.196 Thread 0x00000170183c9620 Exception <a 'java/lang/NoSuchMethodError'{0x0000000086b22338}: 'int java.lang.invoke.DirectMethodHandle$Holder.invokeInterface(java.lang.Object, java.lang.Object, java.lang.Object, java.lang.Object)'> (0x0000000086b22338) 
thrown [s\src\hotspot\share\interpreter\linkResolver.cpp, line 771]
Event: 16.986 Thread 0x00000170183c9620 Exception <a 'java/lang/IncompatibleClassChangeError'{0x000000008860d500}: Found class java.lang.Object, but interface was expected> (0x000000008860d500) 
thrown [s\src\hotspot\share\interpreter\linkResolver.cpp, line 838]
Event: 17.074 Thread 0x00000170183c9620 Implicit null exception at 0x0000017007e90a79 to 0x0000017007e911ac
Event: 17.319 Thread 0x00000170183c9620 Implicit null exception at 0x0000017007d1be8c to 0x0000017007d1bfbe

VM Operations (20 events):
Event: 15.332 Executing VM operation: G1CollectForAllocation
Event: 15.345 Executing VM operation: G1CollectForAllocation done
Event: 16.185 Executing VM operation: HandshakeAllThreads
Event: 16.185 Executing VM operation: HandshakeAllThreads done
Event: 16.193 Executing VM operation: HandshakeAllThreads
Event: 16.194 Executing VM operation: HandshakeAllThreads done
Event: 16.721 Executing VM operation: ICBufferFull
Event: 16.722 Executing VM operation: ICBufferFull done
Event: 16.932 Executing VM operation: G1CollectForAllocation
Event: 16.942 Executing VM operation: G1CollectForAllocation done
Event: 16.956 Executing VM operation: CollectForMetadataAllocation
Event: 16.960 Executing VM operation: CollectForMetadataAllocation done
Event: 16.988 Executing VM operation: G1Concurrent
Event: 16.992 Executing VM operation: G1Concurrent done
Event: 17.002 Executing VM operation: G1Concurrent
Event: 17.002 Executing VM operation: G1Concurrent done
Event: 17.272 Executing VM operation: HandshakeAllThreads
Event: 17.272 Executing VM operation: HandshakeAllThreads done
Event: 17.331 Executing VM operation: HandshakeAllThreads
Event: 17.332 Executing VM operation: HandshakeAllThreads done

Events (20 events):
Event: 17.366 loading class java/security/cert/CertPathValidatorException$Reason done
Event: 17.366 loading class java/security/cert/CertPathValidatorException$BasicReason done
Event: 17.367 loading class java/security/SignatureException
Event: 17.367 loading class java/security/SignatureException done
Event: 17.372 loading class sun/security/rsa/RSASignature$SHA256withRSA
Event: 17.373 loading class sun/security/rsa/RSASignature$SHA256withRSA done
Event: 17.375 loading class sun/security/provider/DSA$SHA256withDSA
Event: 17.375 loading class sun/security/provider/DSA$SHA256withDSA done
Event: 17.399 loading class java/util/Base64
Event: 17.399 loading class java/util/Base64 done
Event: 17.399 loading class java/util/Base64$Decoder
Event: 17.400 loading class java/util/Base64$Decoder done
Event: 17.400 loading class java/util/Base64$Encoder
Event: 17.400 loading class java/util/Base64$Encoder done
Event: 17.402 loading class java/util/jar/JarVerifier$VerifierStream
Event: 17.403 loading class java/util/jar/JarVerifier$VerifierStream done
Event: 17.403 loading class sun/security/util/ManifestEntryVerifier$SunProviderHolder
Event: 17.403 loading class sun/security/util/ManifestEntryVerifier$SunProviderHolder done
Event: 17.522 loading class java/security/KeyStore$ProtectionParameter
Event: 17.523 loading class java/security/KeyStore$ProtectionParameter done


Dynamic libraries:
0x00007ff75efb0000 - 0x00007ff75efba000 	G:\Program Files (x86)\Android Studio\jbr\bin\java.exe
0x00007ffb8fc90000 - 0x00007ffb8fe88000 	C:\WINDOWS\SYSTEM32\ntdll.dll
0x00007ffb8e400000 - 0x00007ffb8e4bf000 	C:\WINDOWS\System32\KERNEL32.DLL
0x00007ffb8d570000 - 0x00007ffb8d866000 	C:\WINDOWS\System32\KERNELBASE.dll
0x00007ffb8d910000 - 0x00007ffb8da10000 	C:\WINDOWS\System32\ucrtbase.dll
0x00007ffb47340000 - 0x00007ffb4735b000 	G:\Program Files (x86)\Android Studio\jbr\bin\VCRUNTIME140.dll
0x00007ffb47bf0000 - 0x00007ffb47c07000 	G:\Program Files (x86)\Android Studio\jbr\bin\jli.dll
0x00007ffb8e1c0000 - 0x00007ffb8e35d000 	C:\WINDOWS\System32\USER32.dll
0x00007ffb8da10000 - 0x00007ffb8da32000 	C:\WINDOWS\System32\win32u.dll
0x00007ffb79e10000 - 0x00007ffb7a0aa000 	C:\WINDOWS\WinSxS\amd64_microsoft.windows.common-controls_6595b64144ccf1df_6.0.19041.1110_none_60b5254171f9507e\COMCTL32.dll
0x00007ffb8f140000 - 0x00007ffb8f16c000 	C:\WINDOWS\System32\GDI32.dll
0x00007ffb8e360000 - 0x00007ffb8e3fe000 	C:\WINDOWS\System32\msvcrt.dll
0x00007ffb8d3c0000 - 0x00007ffb8d4d5000 	C:\WINDOWS\System32\gdi32full.dll
0x00007ffb8d870000 - 0x00007ffb8d90d000 	C:\WINDOWS\System32\msvcp_win.dll
0x00007ffb8e6f0000 - 0x00007ffb8e720000 	C:\WINDOWS\System32\IMM32.DLL
0x00007ffb64e70000 - 0x00007ffb64e7c000 	G:\Program Files (x86)\Android Studio\jbr\bin\vcruntime140_1.dll
0x00007ffb3edc0000 - 0x00007ffb3ee4d000 	G:\Program Files (x86)\Android Studio\jbr\bin\msvcp140.dll
0x00007ffb26c90000 - 0x00007ffb278fd000 	G:\Program Files (x86)\Android Studio\jbr\bin\server\jvm.dll
0x00007ffb8f300000 - 0x00007ffb8f3af000 	C:\WINDOWS\System32\ADVAPI32.dll
0x00007ffb8f460000 - 0x00007ffb8f4fc000 	C:\WINDOWS\System32\sechost.dll
0x00007ffb8f560000 - 0x00007ffb8f686000 	C:\WINDOWS\System32\RPCRT4.dll
0x00007ffb85370000 - 0x00007ffb8537a000 	C:\WINDOWS\SYSTEM32\VERSION.dll
0x00007ffb83280000 - 0x00007ffb832a7000 	C:\WINDOWS\SYSTEM32\WINMM.dll
0x00007ffb56dd0000 - 0x00007ffb56dd9000 	C:\WINDOWS\SYSTEM32\WSOCK32.dll
0x00007ffb8e680000 - 0x00007ffb8e6eb000 	C:\WINDOWS\System32\WS2_32.dll
0x00007ffb8b230000 - 0x00007ffb8b242000 	C:\WINDOWS\SYSTEM32\kernel.appcore.dll
0x00007ffb86640000 - 0x00007ffb8664a000 	G:\Program Files (x86)\Android Studio\jbr\bin\jimage.dll
0x00007ffb7cf40000 - 0x00007ffb7d124000 	C:\WINDOWS\SYSTEM32\DBGHELP.DLL
0x00007ffb77060000 - 0x00007ffb77094000 	C:\WINDOWS\SYSTEM32\dbgcore.DLL
0x00007ffb8d4e0000 - 0x00007ffb8d562000 	C:\WINDOWS\System32\bcryptPrimitives.dll
0x00007ffb7f240000 - 0x00007ffb7f265000 	G:\Program Files (x86)\Android Studio\jbr\bin\java.dll
0x00007ffb633a0000 - 0x00007ffb633b8000 	G:\Program Files (x86)\Android Studio\jbr\bin\zip.dll
0x00007ffb8e9e0000 - 0x00007ffb8f124000 	C:\WINDOWS\System32\SHELL32.dll
0x00007ffb8b430000 - 0x00007ffb8bbc3000 	C:\WINDOWS\SYSTEM32\windows.storage.dll
0x00007ffb8f8f0000 - 0x00007ffb8fc44000 	C:\WINDOWS\System32\combase.dll
0x00007ffb8cdd0000 - 0x00007ffb8cdfe000 	C:\WINDOWS\SYSTEM32\Wldp.dll
0x00007ffb8f690000 - 0x00007ffb8f73d000 	C:\WINDOWS\System32\SHCORE.dll
0x00007ffb8f2a0000 - 0x00007ffb8f2f5000 	C:\WINDOWS\System32\shlwapi.dll
0x00007ffb8d2b0000 - 0x00007ffb8d2cf000 	C:\WINDOWS\SYSTEM32\profapi.dll
0x00007ffb63380000 - 0x00007ffb63399000 	G:\Program Files (x86)\Android Studio\jbr\bin\net.dll
0x00007ffb83d60000 - 0x00007ffb83e6a000 	C:\WINDOWS\SYSTEM32\WINHTTP.dll
0x00007ffb8cb30000 - 0x00007ffb8cb9a000 	C:\WINDOWS\system32\mswsock.dll
0x00007ffb63360000 - 0x00007ffb63376000 	G:\Program Files (x86)\Android Studio\jbr\bin\nio.dll
0x00007ffb7f1b0000 - 0x00007ffb7f1c0000 	G:\Program Files (x86)\Android Studio\jbr\bin\verify.dll
0x00007ffb56e20000 - 0x00007ffb56e47000 	C:\Users\asus\.gradle\native\68d5fa5c4cc2d200863cafc0d521ce42e7d3e7ee720ec0a83991735586a16f82\windows-amd64\native-platform.dll
0x00007ffb25910000 - 0x00007ffb25a54000 	C:\Users\asus\.gradle\native\e376f236ea51e6404a007f0833ffe2c6e607c4080706a723a18a27aeea778392\windows-amd64\native-platform-file-events.dll
0x00007ffb86630000 - 0x00007ffb86639000 	G:\Program Files (x86)\Android Studio\jbr\bin\management.dll
0x00007ffb86130000 - 0x00007ffb8613b000 	G:\Program Files (x86)\Android Studio\jbr\bin\management_ext.dll
0x00007ffb8e720000 - 0x00007ffb8e728000 	C:\WINDOWS\System32\PSAPI.DLL
0x00007ffb8cd30000 - 0x00007ffb8cd48000 	C:\WINDOWS\SYSTEM32\CRYPTSP.dll
0x00007ffb8c3e0000 - 0x00007ffb8c414000 	C:\WINDOWS\system32\rsaenh.dll
0x00007ffb8daf0000 - 0x00007ffb8db17000 	C:\WINDOWS\System32\bcrypt.dll
0x00007ffb8d270000 - 0x00007ffb8d29e000 	C:\WINDOWS\SYSTEM32\USERENV.dll
0x00007ffb8cd20000 - 0x00007ffb8cd2c000 	C:\WINDOWS\SYSTEM32\CRYPTBASE.dll
0x00007ffb8c7d0000 - 0x00007ffb8c80c000 	C:\WINDOWS\SYSTEM32\IPHLPAPI.DLL
0x00007ffb8e5e0000 - 0x00007ffb8e5e8000 	C:\WINDOWS\System32\NSI.dll
0x00007ffb85430000 - 0x00007ffb85447000 	C:\WINDOWS\SYSTEM32\dhcpcsvc6.DLL
0x00007ffb85410000 - 0x00007ffb8542d000 	C:\WINDOWS\SYSTEM32\dhcpcsvc.DLL
0x00007ffb8c810000 - 0x00007ffb8c8db000 	C:\WINDOWS\SYSTEM32\DNSAPI.dll
0x00007ffb7e480000 - 0x00007ffb7e487000 	C:\WINDOWS\system32\wshunix.dll

dbghelp: loaded successfully - version: 4.0.5 - missing functions: none
symbol engine: initialized successfully - sym options: 0x614 - pdb path: .;G:\Program Files (x86)\Android Studio\jbr\bin;C:\WINDOWS\SYSTEM32;C:\WINDOWS\WinSxS\amd64_microsoft.windows.common-controls_6595b64144ccf1df_6.0.19041.1110_none_60b5254171f9507e;G:\Program Files (x86)\Android Studio\jbr\bin\server;C:\Users\asus\.gradle\native\68d5fa5c4cc2d200863cafc0d521ce42e7d3e7ee720ec0a83991735586a16f82\windows-amd64;C:\Users\asus\.gradle\native\e376f236ea51e6404a007f0833ffe2c6e607c4080706a723a18a27aeea778392\windows-amd64

VM Arguments:
jvm_args: --add-opens=java.base/java.util=ALL-UNNAMED --add-opens=java.base/java.lang=ALL-UNNAMED --add-opens=java.base/java.lang.invoke=ALL-UNNAMED --add-opens=java.prefs/java.util.prefs=ALL-UNNAMED --add-opens=java.base/java.nio.charset=ALL-UNNAMED --add-opens=java.base/java.net=ALL-UNNAMED --add-opens=java.base/java.util.concurrent.atomic=ALL-UNNAMED -Xmx2048m -Dfile.encoding=UTF-8 -Duser.country=CN -Duser.language=zh -Duser.variant 
java_command: org.gradle.launcher.daemon.bootstrap.GradleDaemon 8.0
java_class_path (initial): C:\Users\asus\.gradle\wrapper\dists\gradle-8.0-bin\ca5e32bp14vu59qr306oxotwh\gradle-8.0\lib\gradle-launcher-8.0.jar
Launcher Type: SUN_STANDARD

[Global flags]
     intx CICompilerCount                          = 12                                        {product} {ergonomic}
     uint ConcGCThreads                            = 3                                         {product} {ergonomic}
     uint G1ConcRefinementThreads                  = 13                                        {product} {ergonomic}
   size_t G1HeapRegionSize                         = 1048576                                   {product} {ergonomic}
    uintx GCDrainStackTargetSize                   = 64                                        {product} {ergonomic}
   size_t InitialHeapSize                          = 125829120                                 {product} {ergonomic}
   size_t MarkStackSize                            = 4194304                                   {product} {ergonomic}
   size_t MaxHeapSize                              = 2147483648                                {product} {command line}
   size_t MaxNewSize                               = 1287651328                                {product} {ergonomic}
   size_t MinHeapDeltaBytes                        = 1048576                                   {product} {ergonomic}
   size_t MinHeapSize                              = 8388608                                   {product} {ergonomic}
    uintx NonNMethodCodeHeapSize                   = 7602480                                {pd product} {ergonomic}
    uintx NonProfiledCodeHeapSize                  = 122027880                              {pd product} {ergonomic}
    uintx ProfiledCodeHeapSize                     = 122027880                              {pd product} {ergonomic}
    uintx ReservedCodeCacheSize                    = 251658240                              {pd product} {ergonomic}
     bool SegmentedCodeCache                       = true                                      {product} {ergonomic}
   size_t SoftMaxHeapSize                          = 2147483648                             {manageable} {ergonomic}
     bool UseCompressedClassPointers               = true                           {product lp64_product} {ergonomic}
     bool UseCompressedOops                        = true                           {product lp64_product} {ergonomic}
     bool UseG1GC                                  = true                                      {product} {ergonomic}
     bool UseLargePagesIndividualAllocation        = false                                  {pd product} {ergonomic}

Logging:
Log output configuration:
 #0: stdout all=warning uptime,level,tags
 #1: stderr all=off uptime,level,tags

Environment Variables:
JAVA_HOME=G:\Program Files (x86)\Java\jre7\jdk1.7.0_80
CLASSPATH=G:\java\bin;G:\java\jre\bin;C:\Javalib\antlr-4.9.2-complete.jar
PATH=C:\Program Files\Common Files\Oracle\Java\javapath;D:\cudav12\bin;D:\cudav12\libnvvp;C:\ProgramData\Anaconda3;C:\ProgramData\Anaconda3\Library\mingw-w64\bin;C:\ProgramData\Anaconda3\Library\usr\bin;C:\ProgramData\Anaconda3\Library\bin;C:\ProgramData\Anaconda3\Scripts;C:\Windows\system32;C:\Windows;C:\Windows\System32\Wbem;C:\Windows\System32\WindowsPowerShell\v1.0\;C:\Windows\System32\OpenSSH\;C:\Program Files (x86)\NVIDIA Corporation\PhysX\Common;C:\Program Files\NVIDIA Corporation\NVIDIA NvDLISR;C:\WINDOWS\system32;C:\WINDOWS;C:\WINDOWS\System32\Wbem;C:\WINDOWS\System32\WindowsPowerShell\v1.0\;C:\WINDOWS\System32\OpenSSH\;D:\Program Files\CMake\bin;C:\Program Files\Microsoft SQL Server\Client SDK\ODBC\170\Tools\Binn\;C:\Program Files (x86)\Microsoft SQL Server\150\Tools\Binn\;C:\Program Files\Microsoft SQL Server\150\Tools\Binn\;C:\Program Files\Microsoft SQL Server\150\DTS\Binn\;D:\cudav12\bin;D:\cudav12\include;D:\cudav12\lib;D:\cudav12\libnvvp;"G:\java\bin;G:\java\jre\bin";C:\Javalib;C:\Program Files (x86)\NetSarang\Xshell 7\;C:\TDM-GCC-64\bin;C:\Users\asus\AppData\Local\Microsoft\WindowsApps;C:\Program Files\MYSQL\MYSQL Server 8.0\bin;G:\Program Files (x86)\MiKTeX\miktex\bin\x64\;C:\Users\asus\AppData\Local\Programs\Microsoft VS Code\bin
USERNAME=asus
OS=Windows_NT
PROCESSOR_IDENTIFIER=AMD64 Family 23 Model 96 Stepping 1, AuthenticAMD
TMP=C:\Users\asus\AppData\Local\Temp
TEMP=C:\Users\asus\AppData\Local\Temp



---------------  S Y S T E M  ---------------

OS:
 Windows 10 , 64 bit Build 19041 (10.0.19041.2913)
OS uptime: 1 days 22:58 hours

CPU: total 16 (initial active 16) (16 cores per cpu, 2 threads per core) family 23 model 96 stepping 1 microcode 0x0, cx8, cmov, fxsr, ht, mmx, 3dnowpref, sse, sse2, sse3, ssse3, sse4a, sse4.1, sse4.2, popcnt, lzcnt, tsc, tscinvbit, avx, avx2, aes, clmul, bmi1, bmi2, adx, sha, fma, vzeroupper, clflush, clflushopt

Memory: 4k page, system-wide physical 7597M (169M free)
TotalPageFile size 20397M (AvailPageFile size 0M)
current process WorkingSet (physical memory assigned to process): 273M, peak: 278M
current process commit charge ("private bytes"): 374M, peak: 375M

vm_info: OpenJDK 64-Bit Server VM (17.0.6+0-b2043.56-9586694) for windows-amd64 JRE (17.0.6+0-b2043.56-9586694), built on Feb  9 2023 20:06:20 by "androidbuild" with MS VC++ 16.10 / 16.11 (VS2019)

END.
